06:09:08.981 [restartedMain] INFO  c.ram.sociohub.SociohubApplication - Starting SociohubApplication using Java 17.0.6 with PID 18396 (C:\Users\RAM\Documents\sociohub\sociohub-backend\target\classes started by RAM in C:\Users\RAM\Documents\sociohub\sociohub-backend)
06:09:08.992 [restartedMain] INFO  c.ram.sociohub.SociohubApplication - No active profile set, falling back to 1 default profile: "default"
06:09:14.966 [restartedMain] INFO  com.zaxxer.hikari.HikariDataSource - HikariPool-1 - Starting...
06:09:16.062 [restartedMain] INFO  com.zaxxer.hikari.pool.HikariPool - HikariPool-1 - Added connection com.mysql.cj.jdbc.ConnectionImpl@59bbb5ed
06:09:16.065 [restartedMain] INFO  com.zaxxer.hikari.HikariDataSource - HikariPool-1 - Start completed.
06:09:21.761 [restartedMain] INFO  c.ram.sociohub.SociohubApplication - Started SociohubApplication in 13.9 seconds (process running for 16.697)
06:10:06.198 [http-nio-8080-exec-1] INFO  c.ram.sociohub.service.UserService - addUser method() starts 
06:10:06.199 [http-nio-8080-exec-1] INFO  c.ram.sociohub.service.UserService - Adding User: User(id=null, username=arun, email=arun@gmail.com, phno=9658574589, password=Password)
06:12:41.859 [Thread-5] INFO  com.zaxxer.hikari.HikariDataSource - HikariPool-1 - Shutdown initiated...
06:12:41.967 [Thread-5] INFO  com.zaxxer.hikari.HikariDataSource - HikariPool-1 - Shutdown completed.
06:12:45.960 [restartedMain] INFO  c.ram.sociohub.SociohubApplication - Starting SociohubApplication using Java 17.0.6 with PID 18396 (C:\Users\RAM\Documents\sociohub\sociohub-backend\target\classes started by RAM in C:\Users\RAM\Documents\sociohub\sociohub-backend)
06:12:45.961 [restartedMain] INFO  c.ram.sociohub.SociohubApplication - No active profile set, falling back to 1 default profile: "default"
06:12:46.926 [restartedMain] INFO  com.zaxxer.hikari.HikariDataSource - HikariPool-2 - Starting...
06:12:46.971 [restartedMain] INFO  com.zaxxer.hikari.pool.HikariPool - HikariPool-2 - Added connection com.mysql.cj.jdbc.ConnectionImpl@71b91803
06:12:46.972 [restartedMain] INFO  com.zaxxer.hikari.HikariDataSource - HikariPool-2 - Start completed.
06:12:48.076 [restartedMain] INFO  c.ram.sociohub.SociohubApplication - Started SociohubApplication in 2.209 seconds (process running for 223.013)
06:13:14.186 [Thread-7] INFO  com.zaxxer.hikari.HikariDataSource - HikariPool-2 - Shutdown initiated...
06:13:14.204 [Thread-7] INFO  com.zaxxer.hikari.HikariDataSource - HikariPool-2 - Shutdown completed.
06:13:14.385 [restartedMain] INFO  c.ram.sociohub.SociohubApplication - Starting SociohubApplication using Java 17.0.6 with PID 18396 (C:\Users\RAM\Documents\sociohub\sociohub-backend\target\classes started by RAM in C:\Users\RAM\Documents\sociohub\sociohub-backend)
06:13:14.387 [restartedMain] INFO  c.ram.sociohub.SociohubApplication - No active profile set, falling back to 1 default profile: "default"
06:13:15.243 [restartedMain] INFO  com.zaxxer.hikari.HikariDataSource - HikariPool-3 - Starting...
06:13:15.274 [restartedMain] INFO  com.zaxxer.hikari.pool.HikariPool - HikariPool-3 - Added connection com.mysql.cj.jdbc.ConnectionImpl@365f8fc9
06:13:15.275 [restartedMain] INFO  com.zaxxer.hikari.HikariDataSource - HikariPool-3 - Start completed.
06:13:35.792 [restartedMain] INFO  c.ram.sociohub.SociohubApplication - Starting SociohubApplication using Java 17.0.6 with PID 1048 (C:\Users\RAM\Documents\sociohub\sociohub-backend\target\classes started by RAM in C:\Users\RAM\Documents\sociohub\sociohub-backend)
06:13:35.798 [restartedMain] INFO  c.ram.sociohub.SociohubApplication - No active profile set, falling back to 1 default profile: "default"
06:13:41.252 [restartedMain] INFO  com.zaxxer.hikari.HikariDataSource - HikariPool-1 - Starting...
06:13:42.278 [restartedMain] INFO  com.zaxxer.hikari.pool.HikariPool - HikariPool-1 - Added connection com.mysql.cj.jdbc.ConnectionImpl@75333f63
06:13:42.283 [restartedMain] INFO  com.zaxxer.hikari.HikariDataSource - HikariPool-1 - Start completed.
06:13:47.848 [restartedMain] INFO  c.ram.sociohub.SociohubApplication - Started SociohubApplication in 13.148 seconds (process running for 15.794)
06:14:37.936 [Thread-5] INFO  com.zaxxer.hikari.HikariDataSource - HikariPool-1 - Shutdown initiated...
06:14:37.983 [Thread-5] INFO  com.zaxxer.hikari.HikariDataSource - HikariPool-1 - Shutdown completed.
06:14:38.277 [restartedMain] INFO  c.ram.sociohub.SociohubApplication - Starting SociohubApplication using Java 17.0.6 with PID 1048 (C:\Users\RAM\Documents\sociohub\sociohub-backend\target\classes started by RAM in C:\Users\RAM\Documents\sociohub\sociohub-backend)
06:14:38.282 [restartedMain] INFO  c.ram.sociohub.SociohubApplication - No active profile set, falling back to 1 default profile: "default"
06:14:39.319 [restartedMain] INFO  com.zaxxer.hikari.HikariDataSource - HikariPool-2 - Starting...
06:14:39.353 [restartedMain] INFO  com.zaxxer.hikari.pool.HikariPool - HikariPool-2 - Added connection com.mysql.cj.jdbc.ConnectionImpl@805e768
06:14:39.354 [restartedMain] INFO  com.zaxxer.hikari.HikariDataSource - HikariPool-2 - Start completed.
06:14:40.372 [restartedMain] INFO  c.ram.sociohub.SociohubApplication - Started SociohubApplication in 2.194 seconds (process running for 68.319)
06:14:41.327 [RMI TCP Connection(8)-127.0.0.1] INFO  com.zaxxer.hikari.HikariDataSource - HikariPool-2 - Shutdown initiated...
06:14:41.349 [RMI TCP Connection(8)-127.0.0.1] INFO  com.zaxxer.hikari.HikariDataSource - HikariPool-2 - Shutdown completed.
06:15:10.010 [restartedMain] INFO  c.ram.sociohub.SociohubApplication - Starting SociohubApplication using Java 17.0.6 with PID 11548 (C:\Users\RAM\Documents\sociohub\sociohub-backend\target\classes started by RAM in C:\Users\RAM\Documents\sociohub\sociohub-backend)
06:15:10.015 [restartedMain] INFO  c.ram.sociohub.SociohubApplication - No active profile set, falling back to 1 default profile: "default"
06:15:15.523 [restartedMain] INFO  com.zaxxer.hikari.HikariDataSource - HikariPool-1 - Starting...
06:15:16.359 [restartedMain] INFO  com.zaxxer.hikari.pool.HikariPool - HikariPool-1 - Added connection com.mysql.cj.jdbc.ConnectionImpl@4a926947
06:15:16.368 [restartedMain] INFO  com.zaxxer.hikari.HikariDataSource - HikariPool-1 - Start completed.
06:15:22.931 [restartedMain] INFO  c.ram.sociohub.SociohubApplication - Started SociohubApplication in 13.945 seconds (process running for 16.632)
06:15:56.749 [http-nio-8080-exec-3] INFO  c.ram.sociohub.service.UserService - addUser method() starts 
06:15:56.752 [http-nio-8080-exec-3] INFO  c.ram.sociohub.service.UserService - Adding User: User(id=null, username=arun, email=arun@gmail.com, phno=9658574589, password=Password)
06:15:56.935 [http-nio-8080-exec-3] INFO  c.ram.sociohub.service.UserService - User Added Successfull
06:16:40.380 [http-nio-8080-exec-4] INFO  c.ram.sociohub.service.UserService - addUser method() starts 
06:16:40.380 [http-nio-8080-exec-4] INFO  c.ram.sociohub.service.UserService - Adding User: User(id=null, username=Balaji, email=Balaji@gmail.com, phno=6985748596, password=Password)
06:16:40.391 [http-nio-8080-exec-4] INFO  c.ram.sociohub.service.UserService - User Added Successfull
06:18:19.441 [Thread-5] INFO  com.zaxxer.hikari.HikariDataSource - HikariPool-1 - Shutdown initiated...
06:18:19.462 [Thread-5] INFO  com.zaxxer.hikari.HikariDataSource - HikariPool-1 - Shutdown completed.
06:18:19.664 [restartedMain] INFO  c.ram.sociohub.SociohubApplication - Starting SociohubApplication using Java 17.0.6 with PID 11548 (C:\Users\RAM\Documents\sociohub\sociohub-backend\target\classes started by RAM in C:\Users\RAM\Documents\sociohub\sociohub-backend)
06:18:19.664 [restartedMain] INFO  c.ram.sociohub.SociohubApplication - No active profile set, falling back to 1 default profile: "default"
06:18:20.589 [restartedMain] INFO  com.zaxxer.hikari.HikariDataSource - HikariPool-2 - Starting...
06:18:20.622 [restartedMain] INFO  com.zaxxer.hikari.pool.HikariPool - HikariPool-2 - Added connection com.mysql.cj.jdbc.ConnectionImpl@295bb61b
06:18:20.623 [restartedMain] INFO  com.zaxxer.hikari.HikariDataSource - HikariPool-2 - Start completed.
06:18:21.576 [restartedMain] INFO  c.ram.sociohub.SociohubApplication - Started SociohubApplication in 1.993 seconds (process running for 195.276)
06:18:34.408 [Thread-7] INFO  com.zaxxer.hikari.HikariDataSource - HikariPool-2 - Shutdown initiated...
06:18:34.432 [Thread-7] INFO  com.zaxxer.hikari.HikariDataSource - HikariPool-2 - Shutdown completed.
06:18:34.683 [restartedMain] INFO  c.ram.sociohub.SociohubApplication - Starting SociohubApplication using Java 17.0.6 with PID 11548 (C:\Users\RAM\Documents\sociohub\sociohub-backend\target\classes started by RAM in C:\Users\RAM\Documents\sociohub\sociohub-backend)
06:18:34.691 [restartedMain] INFO  c.ram.sociohub.SociohubApplication - No active profile set, falling back to 1 default profile: "default"
06:18:35.981 [restartedMain] INFO  com.zaxxer.hikari.HikariDataSource - HikariPool-3 - Starting...
06:18:36.007 [restartedMain] INFO  com.zaxxer.hikari.pool.HikariPool - HikariPool-3 - Added connection com.mysql.cj.jdbc.ConnectionImpl@7ea3c3fa
06:18:36.007 [restartedMain] INFO  com.zaxxer.hikari.HikariDataSource - HikariPool-3 - Start completed.
06:18:36.875 [restartedMain] INFO  c.ram.sociohub.SociohubApplication - Started SociohubApplication in 2.321 seconds (process running for 210.575)
06:19:20.194 [Thread-11] INFO  com.zaxxer.hikari.HikariDataSource - HikariPool-3 - Shutdown initiated...
06:19:20.206 [Thread-11] INFO  com.zaxxer.hikari.HikariDataSource - HikariPool-3 - Shutdown completed.
06:19:20.379 [restartedMain] INFO  c.ram.sociohub.SociohubApplication - Starting SociohubApplication using Java 17.0.6 with PID 11548 (C:\Users\RAM\Documents\sociohub\sociohub-backend\target\classes started by RAM in C:\Users\RAM\Documents\sociohub\sociohub-backend)
06:19:20.380 [restartedMain] INFO  c.ram.sociohub.SociohubApplication - No active profile set, falling back to 1 default profile: "default"
06:19:21.231 [restartedMain] INFO  com.zaxxer.hikari.HikariDataSource - HikariPool-4 - Starting...
06:19:21.253 [restartedMain] INFO  com.zaxxer.hikari.pool.HikariPool - HikariPool-4 - Added connection com.mysql.cj.jdbc.ConnectionImpl@74ac9f40
06:19:21.254 [restartedMain] INFO  com.zaxxer.hikari.HikariDataSource - HikariPool-4 - Start completed.
06:19:22.212 [restartedMain] INFO  c.ram.sociohub.SociohubApplication - Started SociohubApplication in 1.91 seconds (process running for 255.913)
06:19:50.422 [Thread-15] INFO  com.zaxxer.hikari.HikariDataSource - HikariPool-4 - Shutdown initiated...
06:19:50.438 [Thread-15] INFO  com.zaxxer.hikari.HikariDataSource - HikariPool-4 - Shutdown completed.
06:19:50.598 [restartedMain] INFO  c.ram.sociohub.SociohubApplication - Starting SociohubApplication using Java 17.0.6 with PID 11548 (C:\Users\RAM\Documents\sociohub\sociohub-backend\target\classes started by RAM in C:\Users\RAM\Documents\sociohub\sociohub-backend)
06:19:50.599 [restartedMain] INFO  c.ram.sociohub.SociohubApplication - No active profile set, falling back to 1 default profile: "default"
06:19:51.381 [restartedMain] INFO  com.zaxxer.hikari.HikariDataSource - HikariPool-5 - Starting...
06:19:51.408 [restartedMain] INFO  com.zaxxer.hikari.pool.HikariPool - HikariPool-5 - Added connection com.mysql.cj.jdbc.ConnectionImpl@129e9a79
06:19:51.409 [restartedMain] INFO  com.zaxxer.hikari.HikariDataSource - HikariPool-5 - Start completed.
06:19:52.231 [restartedMain] INFO  c.ram.sociohub.SociohubApplication - Started SociohubApplication in 1.697 seconds (process running for 285.932)
06:21:04.020 [Thread-19] INFO  com.zaxxer.hikari.HikariDataSource - HikariPool-5 - Shutdown initiated...
06:21:04.030 [Thread-19] INFO  com.zaxxer.hikari.HikariDataSource - HikariPool-5 - Shutdown completed.
06:21:04.220 [restartedMain] INFO  c.ram.sociohub.SociohubApplication - Starting SociohubApplication using Java 17.0.6 with PID 11548 (C:\Users\RAM\Documents\sociohub\sociohub-backend\target\classes started by RAM in C:\Users\RAM\Documents\sociohub\sociohub-backend)
06:21:04.224 [restartedMain] INFO  c.ram.sociohub.SociohubApplication - No active profile set, falling back to 1 default profile: "default"
06:21:05.006 [restartedMain] INFO  com.zaxxer.hikari.HikariDataSource - HikariPool-6 - Starting...
06:21:05.031 [restartedMain] INFO  com.zaxxer.hikari.pool.HikariPool - HikariPool-6 - Added connection com.mysql.cj.jdbc.ConnectionImpl@147df5c7
06:21:05.031 [restartedMain] INFO  com.zaxxer.hikari.HikariDataSource - HikariPool-6 - Start completed.
06:21:05.938 [restartedMain] INFO  c.ram.sociohub.SociohubApplication - Started SociohubApplication in 1.793 seconds (process running for 359.639)
06:21:09.666 [Thread-23] INFO  com.zaxxer.hikari.HikariDataSource - HikariPool-6 - Shutdown initiated...
06:21:09.684 [Thread-23] INFO  com.zaxxer.hikari.HikariDataSource - HikariPool-6 - Shutdown completed.
06:21:09.906 [restartedMain] INFO  c.ram.sociohub.SociohubApplication - Starting SociohubApplication using Java 17.0.6 with PID 11548 (C:\Users\RAM\Documents\sociohub\sociohub-backend\target\classes started by RAM in C:\Users\RAM\Documents\sociohub\sociohub-backend)
06:21:09.907 [restartedMain] INFO  c.ram.sociohub.SociohubApplication - No active profile set, falling back to 1 default profile: "default"
06:21:10.726 [restartedMain] INFO  com.zaxxer.hikari.HikariDataSource - HikariPool-7 - Starting...
06:21:10.748 [restartedMain] INFO  com.zaxxer.hikari.pool.HikariPool - HikariPool-7 - Added connection com.mysql.cj.jdbc.ConnectionImpl@62d7dce8
06:21:10.749 [restartedMain] INFO  com.zaxxer.hikari.HikariDataSource - HikariPool-7 - Start completed.
06:21:11.564 [restartedMain] INFO  c.ram.sociohub.SociohubApplication - Started SociohubApplication in 1.731 seconds (process running for 365.264)
06:21:54.775 [Thread-27] INFO  com.zaxxer.hikari.HikariDataSource - HikariPool-7 - Shutdown initiated...
06:21:54.791 [Thread-27] INFO  com.zaxxer.hikari.HikariDataSource - HikariPool-7 - Shutdown completed.
06:21:54.965 [restartedMain] INFO  c.ram.sociohub.SociohubApplication - Starting SociohubApplication using Java 17.0.6 with PID 11548 (C:\Users\RAM\Documents\sociohub\sociohub-backend\target\classes started by RAM in C:\Users\RAM\Documents\sociohub\sociohub-backend)
06:21:54.967 [restartedMain] INFO  c.ram.sociohub.SociohubApplication - No active profile set, falling back to 1 default profile: "default"
06:21:55.765 [restartedMain] INFO  com.zaxxer.hikari.HikariDataSource - HikariPool-8 - Starting...
06:21:55.786 [restartedMain] INFO  com.zaxxer.hikari.pool.HikariPool - HikariPool-8 - Added connection com.mysql.cj.jdbc.ConnectionImpl@236d7c73
06:21:55.786 [restartedMain] INFO  com.zaxxer.hikari.HikariDataSource - HikariPool-8 - Start completed.
06:21:56.647 [restartedMain] INFO  c.ram.sociohub.SociohubApplication - Started SociohubApplication in 1.744 seconds (process running for 410.348)
06:22:01.462 [Thread-31] INFO  com.zaxxer.hikari.HikariDataSource - HikariPool-8 - Shutdown initiated...
06:22:01.473 [Thread-31] INFO  com.zaxxer.hikari.HikariDataSource - HikariPool-8 - Shutdown completed.
06:22:01.627 [restartedMain] INFO  c.ram.sociohub.SociohubApplication - Starting SociohubApplication using Java 17.0.6 with PID 11548 (C:\Users\RAM\Documents\sociohub\sociohub-backend\target\classes started by RAM in C:\Users\RAM\Documents\sociohub\sociohub-backend)
06:22:01.628 [restartedMain] INFO  c.ram.sociohub.SociohubApplication - No active profile set, falling back to 1 default profile: "default"
06:22:02.453 [restartedMain] INFO  com.zaxxer.hikari.HikariDataSource - HikariPool-9 - Starting...
06:22:02.473 [restartedMain] INFO  com.zaxxer.hikari.pool.HikariPool - HikariPool-9 - Added connection com.mysql.cj.jdbc.ConnectionImpl@2cb0b649
06:22:02.474 [restartedMain] INFO  com.zaxxer.hikari.HikariDataSource - HikariPool-9 - Start completed.
06:22:03.349 [restartedMain] INFO  c.ram.sociohub.SociohubApplication - Started SociohubApplication in 1.775 seconds (process running for 417.05)
06:22:45.930 [Thread-35] INFO  com.zaxxer.hikari.HikariDataSource - HikariPool-9 - Shutdown initiated...
06:22:45.938 [Thread-35] INFO  com.zaxxer.hikari.HikariDataSource - HikariPool-9 - Shutdown completed.
06:22:46.144 [restartedMain] INFO  c.ram.sociohub.SociohubApplication - Starting SociohubApplication using Java 17.0.6 with PID 11548 (C:\Users\RAM\Documents\sociohub\sociohub-backend\target\classes started by RAM in C:\Users\RAM\Documents\sociohub\sociohub-backend)
06:22:46.145 [restartedMain] INFO  c.ram.sociohub.SociohubApplication - No active profile set, falling back to 1 default profile: "default"
06:22:47.721 [restartedMain] INFO  com.zaxxer.hikari.HikariDataSource - HikariPool-10 - Starting...
06:22:47.755 [restartedMain] INFO  com.zaxxer.hikari.pool.HikariPool - HikariPool-10 - Added connection com.mysql.cj.jdbc.ConnectionImpl@7db9171a
06:22:47.755 [restartedMain] INFO  com.zaxxer.hikari.HikariDataSource - HikariPool-10 - Start completed.
06:22:48.976 [restartedMain] INFO  c.ram.sociohub.SociohubApplication - Started SociohubApplication in 2.896 seconds (process running for 462.676)
06:22:55.033 [http-nio-8080-exec-1] INFO  c.ram.sociohub.service.UserService - getUserById method() starts 
06:22:55.109 [http-nio-8080-exec-1] INFO  c.ram.sociohub.service.UserService - The userId 1 has been retrieved
06:22:55.110 [http-nio-8080-exec-1] INFO  c.ram.sociohub.service.UserService - getUserById() ends
06:23:58.348 [Thread-39] INFO  com.zaxxer.hikari.HikariDataSource - HikariPool-10 - Shutdown initiated...
06:23:58.354 [Thread-39] INFO  com.zaxxer.hikari.HikariDataSource - HikariPool-10 - Shutdown completed.
06:23:58.539 [restartedMain] INFO  c.ram.sociohub.SociohubApplication - Starting SociohubApplication using Java 17.0.6 with PID 11548 (C:\Users\RAM\Documents\sociohub\sociohub-backend\target\classes started by RAM in C:\Users\RAM\Documents\sociohub\sociohub-backend)
06:23:58.540 [restartedMain] INFO  c.ram.sociohub.SociohubApplication - No active profile set, falling back to 1 default profile: "default"
06:23:59.299 [restartedMain] INFO  com.zaxxer.hikari.HikariDataSource - HikariPool-11 - Starting...
06:23:59.332 [restartedMain] INFO  com.zaxxer.hikari.pool.HikariPool - HikariPool-11 - Added connection com.mysql.cj.jdbc.ConnectionImpl@4fcd8337
06:23:59.332 [restartedMain] INFO  com.zaxxer.hikari.HikariDataSource - HikariPool-11 - Start completed.
06:24:00.001 [restartedMain] INFO  c.ram.sociohub.SociohubApplication - Started SociohubApplication in 1.524 seconds (process running for 533.701)
06:24:23.430 [Thread-43] INFO  com.zaxxer.hikari.HikariDataSource - HikariPool-11 - Shutdown initiated...
06:24:23.439 [Thread-43] INFO  com.zaxxer.hikari.HikariDataSource - HikariPool-11 - Shutdown completed.
06:24:23.632 [restartedMain] INFO  c.ram.sociohub.SociohubApplication - Starting SociohubApplication using Java 17.0.6 with PID 11548 (C:\Users\RAM\Documents\sociohub\sociohub-backend\target\classes started by RAM in C:\Users\RAM\Documents\sociohub\sociohub-backend)
06:24:23.633 [restartedMain] INFO  c.ram.sociohub.SociohubApplication - No active profile set, falling back to 1 default profile: "default"
06:24:24.500 [restartedMain] INFO  com.zaxxer.hikari.HikariDataSource - HikariPool-12 - Starting...
06:24:24.525 [restartedMain] INFO  com.zaxxer.hikari.pool.HikariPool - HikariPool-12 - Added connection com.mysql.cj.jdbc.ConnectionImpl@63424919
06:24:24.525 [restartedMain] INFO  com.zaxxer.hikari.HikariDataSource - HikariPool-12 - Start completed.
06:24:25.238 [restartedMain] INFO  c.ram.sociohub.SociohubApplication - Started SociohubApplication in 1.686 seconds (process running for 558.938)
06:24:40.055 [Thread-47] INFO  com.zaxxer.hikari.HikariDataSource - HikariPool-12 - Shutdown initiated...
06:24:40.063 [Thread-47] INFO  com.zaxxer.hikari.HikariDataSource - HikariPool-12 - Shutdown completed.
06:24:40.238 [restartedMain] INFO  c.ram.sociohub.SociohubApplication - Starting SociohubApplication using Java 17.0.6 with PID 11548 (C:\Users\RAM\Documents\sociohub\sociohub-backend\target\classes started by RAM in C:\Users\RAM\Documents\sociohub\sociohub-backend)
06:24:40.239 [restartedMain] INFO  c.ram.sociohub.SociohubApplication - No active profile set, falling back to 1 default profile: "default"
06:24:40.931 [restartedMain] INFO  com.zaxxer.hikari.HikariDataSource - HikariPool-13 - Starting...
06:24:40.958 [restartedMain] INFO  com.zaxxer.hikari.pool.HikariPool - HikariPool-13 - Added connection com.mysql.cj.jdbc.ConnectionImpl@a39ead5
06:24:40.958 [restartedMain] INFO  com.zaxxer.hikari.HikariDataSource - HikariPool-13 - Start completed.
06:24:41.667 [restartedMain] INFO  c.ram.sociohub.SociohubApplication - Started SociohubApplication in 1.487 seconds (process running for 575.368)
06:24:59.055 [Thread-51] INFO  com.zaxxer.hikari.HikariDataSource - HikariPool-13 - Shutdown initiated...
06:24:59.062 [Thread-51] INFO  com.zaxxer.hikari.HikariDataSource - HikariPool-13 - Shutdown completed.
06:24:59.228 [restartedMain] INFO  c.ram.sociohub.SociohubApplication - Starting SociohubApplication using Java 17.0.6 with PID 11548 (C:\Users\RAM\Documents\sociohub\sociohub-backend\target\classes started by RAM in C:\Users\RAM\Documents\sociohub\sociohub-backend)
06:24:59.228 [restartedMain] INFO  c.ram.sociohub.SociohubApplication - No active profile set, falling back to 1 default profile: "default"
06:24:59.955 [restartedMain] INFO  com.zaxxer.hikari.HikariDataSource - HikariPool-14 - Starting...
06:24:59.973 [restartedMain] INFO  com.zaxxer.hikari.pool.HikariPool - HikariPool-14 - Added connection com.mysql.cj.jdbc.ConnectionImpl@7c02308a
06:24:59.974 [restartedMain] INFO  com.zaxxer.hikari.HikariDataSource - HikariPool-14 - Start completed.
06:25:00.677 [restartedMain] INFO  c.ram.sociohub.SociohubApplication - Started SociohubApplication in 1.508 seconds (process running for 594.378)
06:26:20.190 [Thread-55] INFO  com.zaxxer.hikari.HikariDataSource - HikariPool-14 - Shutdown initiated...
06:26:20.204 [Thread-55] INFO  com.zaxxer.hikari.HikariDataSource - HikariPool-14 - Shutdown completed.
06:26:20.427 [restartedMain] INFO  c.ram.sociohub.SociohubApplication - Starting SociohubApplication using Java 17.0.6 with PID 11548 (C:\Users\RAM\Documents\sociohub\sociohub-backend\target\classes started by RAM in C:\Users\RAM\Documents\sociohub\sociohub-backend)
06:26:20.428 [restartedMain] INFO  c.ram.sociohub.SociohubApplication - No active profile set, falling back to 1 default profile: "default"
06:26:21.273 [restartedMain] INFO  com.zaxxer.hikari.HikariDataSource - HikariPool-15 - Starting...
06:26:21.295 [restartedMain] INFO  com.zaxxer.hikari.pool.HikariPool - HikariPool-15 - Added connection com.mysql.cj.jdbc.ConnectionImpl@6fa2358a
06:26:21.296 [restartedMain] INFO  com.zaxxer.hikari.HikariDataSource - HikariPool-15 - Start completed.
06:26:21.984 [restartedMain] INFO  c.ram.sociohub.SociohubApplication - Started SociohubApplication in 1.64 seconds (process running for 675.684)
06:26:46.056 [Thread-59] INFO  com.zaxxer.hikari.HikariDataSource - HikariPool-15 - Shutdown initiated...
06:26:46.072 [Thread-59] INFO  com.zaxxer.hikari.HikariDataSource - HikariPool-15 - Shutdown completed.
06:26:46.234 [restartedMain] INFO  c.ram.sociohub.SociohubApplication - Starting SociohubApplication using Java 17.0.6 with PID 11548 (C:\Users\RAM\Documents\sociohub\sociohub-backend\target\classes started by RAM in C:\Users\RAM\Documents\sociohub\sociohub-backend)
06:26:46.236 [restartedMain] INFO  c.ram.sociohub.SociohubApplication - No active profile set, falling back to 1 default profile: "default"
06:26:47.104 [restartedMain] INFO  com.zaxxer.hikari.HikariDataSource - HikariPool-16 - Starting...
06:26:47.127 [restartedMain] INFO  com.zaxxer.hikari.pool.HikariPool - HikariPool-16 - Added connection com.mysql.cj.jdbc.ConnectionImpl@9177573
06:26:47.128 [restartedMain] INFO  com.zaxxer.hikari.HikariDataSource - HikariPool-16 - Start completed.
06:26:47.961 [restartedMain] INFO  c.ram.sociohub.SociohubApplication - Started SociohubApplication in 1.783 seconds (process running for 701.662)
06:27:15.480 [Thread-63] INFO  com.zaxxer.hikari.HikariDataSource - HikariPool-16 - Shutdown initiated...
06:27:15.491 [Thread-63] INFO  com.zaxxer.hikari.HikariDataSource - HikariPool-16 - Shutdown completed.
06:27:15.690 [restartedMain] INFO  c.ram.sociohub.SociohubApplication - Starting SociohubApplication using Java 17.0.6 with PID 11548 (C:\Users\RAM\Documents\sociohub\sociohub-backend\target\classes started by RAM in C:\Users\RAM\Documents\sociohub\sociohub-backend)
06:27:15.691 [restartedMain] INFO  c.ram.sociohub.SociohubApplication - No active profile set, falling back to 1 default profile: "default"
06:27:16.491 [restartedMain] INFO  com.zaxxer.hikari.HikariDataSource - HikariPool-17 - Starting...
06:27:16.520 [restartedMain] INFO  com.zaxxer.hikari.pool.HikariPool - HikariPool-17 - Added connection com.mysql.cj.jdbc.ConnectionImpl@2dcfbef3
06:27:16.521 [restartedMain] INFO  com.zaxxer.hikari.HikariDataSource - HikariPool-17 - Start completed.
06:27:17.401 [restartedMain] INFO  c.ram.sociohub.SociohubApplication - Started SociohubApplication in 1.771 seconds (process running for 731.101)
06:27:19.805 [Thread-67] INFO  com.zaxxer.hikari.HikariDataSource - HikariPool-17 - Shutdown initiated...
06:27:19.819 [Thread-67] INFO  com.zaxxer.hikari.HikariDataSource - HikariPool-17 - Shutdown completed.
06:27:20.014 [restartedMain] INFO  c.ram.sociohub.SociohubApplication - Starting SociohubApplication using Java 17.0.6 with PID 11548 (C:\Users\RAM\Documents\sociohub\sociohub-backend\target\classes started by RAM in C:\Users\RAM\Documents\sociohub\sociohub-backend)
06:27:20.014 [restartedMain] INFO  c.ram.sociohub.SociohubApplication - No active profile set, falling back to 1 default profile: "default"
06:27:20.738 [restartedMain] INFO  com.zaxxer.hikari.HikariDataSource - HikariPool-18 - Starting...
06:27:20.762 [restartedMain] INFO  com.zaxxer.hikari.pool.HikariPool - HikariPool-18 - Added connection com.mysql.cj.jdbc.ConnectionImpl@4e2ab40
06:27:20.763 [restartedMain] INFO  com.zaxxer.hikari.HikariDataSource - HikariPool-18 - Start completed.
06:27:21.452 [restartedMain] INFO  c.ram.sociohub.SociohubApplication - Started SociohubApplication in 1.506 seconds (process running for 735.152)
06:27:59.997 [Thread-71] INFO  com.zaxxer.hikari.HikariDataSource - HikariPool-18 - Shutdown initiated...
06:28:00.016 [Thread-71] INFO  com.zaxxer.hikari.HikariDataSource - HikariPool-18 - Shutdown completed.
06:28:00.233 [restartedMain] INFO  c.ram.sociohub.SociohubApplication - Starting SociohubApplication using Java 17.0.6 with PID 11548 (C:\Users\RAM\Documents\sociohub\sociohub-backend\target\classes started by RAM in C:\Users\RAM\Documents\sociohub\sociohub-backend)
06:28:00.233 [restartedMain] INFO  c.ram.sociohub.SociohubApplication - No active profile set, falling back to 1 default profile: "default"
06:28:01.404 [restartedMain] INFO  com.zaxxer.hikari.HikariDataSource - HikariPool-19 - Starting...
06:28:01.445 [restartedMain] INFO  com.zaxxer.hikari.pool.HikariPool - HikariPool-19 - Added connection com.mysql.cj.jdbc.ConnectionImpl@4854e1a5
06:28:01.446 [restartedMain] INFO  com.zaxxer.hikari.HikariDataSource - HikariPool-19 - Start completed.
06:28:02.057 [restartedMain] INFO  com.zaxxer.hikari.HikariDataSource - HikariPool-19 - Shutdown initiated...
06:28:02.067 [restartedMain] INFO  com.zaxxer.hikari.HikariDataSource - HikariPool-19 - Shutdown completed.
06:28:10.237 [restartedMain] INFO  c.ram.sociohub.SociohubApplication - Starting SociohubApplication using Java 17.0.6 with PID 11548 (C:\Users\RAM\Documents\sociohub\sociohub-backend\target\classes started by RAM in C:\Users\RAM\Documents\sociohub\sociohub-backend)
06:28:10.237 [restartedMain] INFO  c.ram.sociohub.SociohubApplication - No active profile set, falling back to 1 default profile: "default"
06:28:11.012 [restartedMain] INFO  com.zaxxer.hikari.HikariDataSource - HikariPool-20 - Starting...
06:28:11.032 [restartedMain] INFO  com.zaxxer.hikari.pool.HikariPool - HikariPool-20 - Added connection com.mysql.cj.jdbc.ConnectionImpl@1b1aed75
06:28:11.032 [restartedMain] INFO  com.zaxxer.hikari.HikariDataSource - HikariPool-20 - Start completed.
06:28:11.911 [restartedMain] INFO  c.ram.sociohub.SociohubApplication - Started SociohubApplication in 1.733 seconds (process running for 785.612)
06:28:18.406 [Thread-75] INFO  com.zaxxer.hikari.HikariDataSource - HikariPool-20 - Shutdown initiated...
06:28:18.414 [Thread-75] INFO  com.zaxxer.hikari.HikariDataSource - HikariPool-20 - Shutdown completed.
06:28:18.596 [restartedMain] INFO  c.ram.sociohub.SociohubApplication - Starting SociohubApplication using Java 17.0.6 with PID 11548 (C:\Users\RAM\Documents\sociohub\sociohub-backend\target\classes started by RAM in C:\Users\RAM\Documents\sociohub\sociohub-backend)
06:28:18.597 [restartedMain] INFO  c.ram.sociohub.SociohubApplication - No active profile set, falling back to 1 default profile: "default"
06:28:19.322 [restartedMain] INFO  com.zaxxer.hikari.HikariDataSource - HikariPool-21 - Starting...
06:28:19.348 [restartedMain] INFO  com.zaxxer.hikari.pool.HikariPool - HikariPool-21 - Added connection com.mysql.cj.jdbc.ConnectionImpl@2cd7f881
06:28:19.348 [restartedMain] INFO  com.zaxxer.hikari.HikariDataSource - HikariPool-21 - Start completed.
06:28:20.067 [restartedMain] INFO  c.ram.sociohub.SociohubApplication - Started SociohubApplication in 1.527 seconds (process running for 793.767)
06:28:26.064 [Thread-82] INFO  com.zaxxer.hikari.HikariDataSource - HikariPool-21 - Shutdown initiated...
06:28:26.080 [Thread-82] INFO  com.zaxxer.hikari.HikariDataSource - HikariPool-21 - Shutdown completed.
06:28:26.296 [restartedMain] INFO  c.ram.sociohub.SociohubApplication - Starting SociohubApplication using Java 17.0.6 with PID 11548 (C:\Users\RAM\Documents\sociohub\sociohub-backend\target\classes started by RAM in C:\Users\RAM\Documents\sociohub\sociohub-backend)
06:28:26.296 [restartedMain] INFO  c.ram.sociohub.SociohubApplication - No active profile set, falling back to 1 default profile: "default"
06:28:27.038 [restartedMain] INFO  com.zaxxer.hikari.HikariDataSource - HikariPool-22 - Starting...
06:28:27.055 [restartedMain] INFO  com.zaxxer.hikari.pool.HikariPool - HikariPool-22 - Added connection com.mysql.cj.jdbc.ConnectionImpl@6cb67e7d
06:28:27.055 [restartedMain] INFO  com.zaxxer.hikari.HikariDataSource - HikariPool-22 - Start completed.
06:28:27.805 [restartedMain] INFO  c.ram.sociohub.SociohubApplication - Started SociohubApplication in 1.584 seconds (process running for 801.505)
06:28:59.872 [Thread-86] INFO  com.zaxxer.hikari.HikariDataSource - HikariPool-22 - Shutdown initiated...
06:28:59.883 [Thread-86] INFO  com.zaxxer.hikari.HikariDataSource - HikariPool-22 - Shutdown completed.
06:29:00.106 [restartedMain] INFO  c.ram.sociohub.SociohubApplication - Starting SociohubApplication using Java 17.0.6 with PID 11548 (C:\Users\RAM\Documents\sociohub\sociohub-backend\target\classes started by RAM in C:\Users\RAM\Documents\sociohub\sociohub-backend)
06:29:00.107 [restartedMain] INFO  c.ram.sociohub.SociohubApplication - No active profile set, falling back to 1 default profile: "default"
06:29:00.880 [restartedMain] INFO  com.zaxxer.hikari.HikariDataSource - HikariPool-23 - Starting...
06:29:00.900 [restartedMain] INFO  com.zaxxer.hikari.pool.HikariPool - HikariPool-23 - Added connection com.mysql.cj.jdbc.ConnectionImpl@c078240
06:29:00.901 [restartedMain] INFO  com.zaxxer.hikari.HikariDataSource - HikariPool-23 - Start completed.
06:29:01.654 [restartedMain] INFO  c.ram.sociohub.SociohubApplication - Started SociohubApplication in 1.639 seconds (process running for 835.355)
06:29:50.396 [Thread-90] INFO  com.zaxxer.hikari.HikariDataSource - HikariPool-23 - Shutdown initiated...
06:29:50.412 [Thread-90] INFO  com.zaxxer.hikari.HikariDataSource - HikariPool-23 - Shutdown completed.
06:29:50.608 [restartedMain] INFO  c.ram.sociohub.SociohubApplication - Starting SociohubApplication using Java 17.0.6 with PID 11548 (C:\Users\RAM\Documents\sociohub\sociohub-backend\target\classes started by RAM in C:\Users\RAM\Documents\sociohub\sociohub-backend)
06:29:50.609 [restartedMain] INFO  c.ram.sociohub.SociohubApplication - No active profile set, falling back to 1 default profile: "default"
06:29:51.344 [restartedMain] INFO  com.zaxxer.hikari.HikariDataSource - HikariPool-24 - Starting...
06:29:51.375 [restartedMain] INFO  com.zaxxer.hikari.pool.HikariPool - HikariPool-24 - Added connection com.mysql.cj.jdbc.ConnectionImpl@735ba758
06:29:51.375 [restartedMain] INFO  com.zaxxer.hikari.HikariDataSource - HikariPool-24 - Start completed.
06:29:52.084 [restartedMain] INFO  c.ram.sociohub.SociohubApplication - Started SociohubApplication in 1.534 seconds (process running for 885.784)
06:30:32.549 [Thread-94] INFO  com.zaxxer.hikari.HikariDataSource - HikariPool-24 - Shutdown initiated...
06:30:32.588 [Thread-94] INFO  com.zaxxer.hikari.HikariDataSource - HikariPool-24 - Shutdown completed.
06:30:32.827 [restartedMain] INFO  c.ram.sociohub.SociohubApplication - Starting SociohubApplication using Java 17.0.6 with PID 11548 (C:\Users\RAM\Documents\sociohub\sociohub-backend\target\classes started by RAM in C:\Users\RAM\Documents\sociohub\sociohub-backend)
06:30:32.827 [restartedMain] INFO  c.ram.sociohub.SociohubApplication - No active profile set, falling back to 1 default profile: "default"
06:30:33.570 [restartedMain] INFO  com.zaxxer.hikari.HikariDataSource - HikariPool-25 - Starting...
06:30:33.597 [restartedMain] INFO  com.zaxxer.hikari.pool.HikariPool - HikariPool-25 - Added connection com.mysql.cj.jdbc.ConnectionImpl@494f77b0
06:30:33.597 [restartedMain] INFO  com.zaxxer.hikari.HikariDataSource - HikariPool-25 - Start completed.
06:30:34.269 [restartedMain] INFO  c.ram.sociohub.SociohubApplication - Started SociohubApplication in 1.504 seconds (process running for 927.969)
06:30:58.236 [Thread-98] INFO  com.zaxxer.hikari.HikariDataSource - HikariPool-25 - Shutdown initiated...
06:30:58.249 [Thread-98] INFO  com.zaxxer.hikari.HikariDataSource - HikariPool-25 - Shutdown completed.
06:30:58.436 [restartedMain] INFO  c.ram.sociohub.SociohubApplication - Starting SociohubApplication using Java 17.0.6 with PID 11548 (C:\Users\RAM\Documents\sociohub\sociohub-backend\target\classes started by RAM in C:\Users\RAM\Documents\sociohub\sociohub-backend)
06:30:58.436 [restartedMain] INFO  c.ram.sociohub.SociohubApplication - No active profile set, falling back to 1 default profile: "default"
06:30:59.201 [restartedMain] INFO  com.zaxxer.hikari.HikariDataSource - HikariPool-26 - Starting...
06:30:59.218 [restartedMain] INFO  com.zaxxer.hikari.pool.HikariPool - HikariPool-26 - Added connection com.mysql.cj.jdbc.ConnectionImpl@2db2e9e
06:30:59.219 [restartedMain] INFO  com.zaxxer.hikari.HikariDataSource - HikariPool-26 - Start completed.
06:30:59.988 [restartedMain] INFO  c.ram.sociohub.SociohubApplication - Started SociohubApplication in 1.613 seconds (process running for 953.689)
06:31:02.502 [Thread-102] INFO  com.zaxxer.hikari.HikariDataSource - HikariPool-26 - Shutdown initiated...
06:31:02.518 [Thread-102] INFO  com.zaxxer.hikari.HikariDataSource - HikariPool-26 - Shutdown completed.
06:31:02.716 [restartedMain] INFO  c.ram.sociohub.SociohubApplication - Starting SociohubApplication using Java 17.0.6 with PID 11548 (C:\Users\RAM\Documents\sociohub\sociohub-backend\target\classes started by RAM in C:\Users\RAM\Documents\sociohub\sociohub-backend)
06:31:02.716 [restartedMain] INFO  c.ram.sociohub.SociohubApplication - No active profile set, falling back to 1 default profile: "default"
06:31:03.567 [restartedMain] INFO  com.zaxxer.hikari.HikariDataSource - HikariPool-27 - Starting...
06:31:03.586 [restartedMain] INFO  com.zaxxer.hikari.pool.HikariPool - HikariPool-27 - Added connection com.mysql.cj.jdbc.ConnectionImpl@6f78109a
06:31:03.586 [restartedMain] INFO  com.zaxxer.hikari.HikariDataSource - HikariPool-27 - Start completed.
06:31:04.259 [restartedMain] INFO  c.ram.sociohub.SociohubApplication - Started SociohubApplication in 1.601 seconds (process running for 957.959)
06:31:30.593 [Thread-106] INFO  com.zaxxer.hikari.HikariDataSource - HikariPool-27 - Shutdown initiated...
06:31:30.612 [Thread-106] INFO  com.zaxxer.hikari.HikariDataSource - HikariPool-27 - Shutdown completed.
06:31:30.825 [restartedMain] INFO  c.ram.sociohub.SociohubApplication - Starting SociohubApplication using Java 17.0.6 with PID 11548 (C:\Users\RAM\Documents\sociohub\sociohub-backend\target\classes started by RAM in C:\Users\RAM\Documents\sociohub\sociohub-backend)
06:31:30.827 [restartedMain] INFO  c.ram.sociohub.SociohubApplication - No active profile set, falling back to 1 default profile: "default"
06:31:31.613 [restartedMain] INFO  com.zaxxer.hikari.HikariDataSource - HikariPool-28 - Starting...
06:31:31.632 [restartedMain] INFO  com.zaxxer.hikari.pool.HikariPool - HikariPool-28 - Added connection com.mysql.cj.jdbc.ConnectionImpl@72a28c06
06:31:31.633 [restartedMain] INFO  com.zaxxer.hikari.HikariDataSource - HikariPool-28 - Start completed.
06:31:32.311 [restartedMain] INFO  c.ram.sociohub.SociohubApplication - Started SociohubApplication in 1.541 seconds (process running for 986.011)
06:31:39.037 [Thread-110] INFO  com.zaxxer.hikari.HikariDataSource - HikariPool-28 - Shutdown initiated...
06:31:39.057 [Thread-110] INFO  com.zaxxer.hikari.HikariDataSource - HikariPool-28 - Shutdown completed.
06:31:39.245 [restartedMain] INFO  c.ram.sociohub.SociohubApplication - Starting SociohubApplication using Java 17.0.6 with PID 11548 (C:\Users\RAM\Documents\sociohub\sociohub-backend\target\classes started by RAM in C:\Users\RAM\Documents\sociohub\sociohub-backend)
06:31:39.246 [restartedMain] INFO  c.ram.sociohub.SociohubApplication - No active profile set, falling back to 1 default profile: "default"
06:31:40.005 [restartedMain] INFO  com.zaxxer.hikari.HikariDataSource - HikariPool-29 - Starting...
06:31:40.023 [restartedMain] INFO  com.zaxxer.hikari.pool.HikariPool - HikariPool-29 - Added connection com.mysql.cj.jdbc.ConnectionImpl@54197659
06:31:40.024 [restartedMain] INFO  com.zaxxer.hikari.HikariDataSource - HikariPool-29 - Start completed.
06:31:40.670 [restartedMain] INFO  c.ram.sociohub.SociohubApplication - Started SociohubApplication in 1.478 seconds (process running for 994.371)
06:32:19.757 [http-nio-8080-exec-2] INFO  c.ram.sociohub.service.UserService - addProfile method() starts 
06:32:19.757 [http-nio-8080-exec-2] INFO  c.ram.sociohub.service.UserService - The Profile com.ram.sociohub.entity.Profile@664be8e7 has been added.
06:32:19.757 [http-nio-8080-exec-2] INFO  c.ram.sociohub.service.UserService - addProfile method() ends 
06:32:28.092 [http-nio-8080-exec-3] INFO  c.ram.sociohub.service.UserService - getAllProfile method() starts 
06:32:28.117 [http-nio-8080-exec-3] INFO  c.ram.sociohub.service.UserService - The Profiles has been retrieved from the database
06:32:28.118 [http-nio-8080-exec-3] INFO  c.ram.sociohub.service.UserService - getAllProfile method() ends 
06:37:08.870 [Thread-114] INFO  com.zaxxer.hikari.HikariDataSource - HikariPool-29 - Shutdown initiated...
06:37:08.877 [Thread-114] INFO  com.zaxxer.hikari.HikariDataSource - HikariPool-29 - Shutdown completed.
06:37:09.074 [restartedMain] INFO  c.ram.sociohub.SociohubApplication - Starting SociohubApplication using Java 17.0.6 with PID 11548 (C:\Users\RAM\Documents\sociohub\sociohub-backend\target\classes started by RAM in C:\Users\RAM\Documents\sociohub\sociohub-backend)
06:37:09.075 [restartedMain] INFO  c.ram.sociohub.SociohubApplication - No active profile set, falling back to 1 default profile: "default"
06:37:09.863 [restartedMain] INFO  com.zaxxer.hikari.HikariDataSource - HikariPool-30 - Starting...
06:37:09.884 [restartedMain] INFO  com.zaxxer.hikari.pool.HikariPool - HikariPool-30 - Added connection com.mysql.cj.jdbc.ConnectionImpl@1fe3494d
06:37:09.884 [restartedMain] INFO  com.zaxxer.hikari.HikariDataSource - HikariPool-30 - Start completed.
06:37:10.668 [restartedMain] INFO  c.ram.sociohub.SociohubApplication - Started SociohubApplication in 1.647 seconds (process running for 1324.369)
06:37:57.702 [Thread-118] INFO  com.zaxxer.hikari.HikariDataSource - HikariPool-30 - Shutdown initiated...
06:37:57.715 [Thread-118] INFO  com.zaxxer.hikari.HikariDataSource - HikariPool-30 - Shutdown completed.
06:37:57.900 [restartedMain] INFO  c.ram.sociohub.SociohubApplication - Starting SociohubApplication using Java 17.0.6 with PID 11548 (C:\Users\RAM\Documents\sociohub\sociohub-backend\target\classes started by RAM in C:\Users\RAM\Documents\sociohub\sociohub-backend)
06:37:57.907 [restartedMain] INFO  c.ram.sociohub.SociohubApplication - No active profile set, falling back to 1 default profile: "default"
06:37:58.449 [restartedMain] INFO  com.zaxxer.hikari.HikariDataSource - HikariPool-31 - Starting...
06:37:58.462 [restartedMain] INFO  com.zaxxer.hikari.pool.HikariPool - HikariPool-31 - Added connection com.mysql.cj.jdbc.ConnectionImpl@4b960458
06:37:58.462 [restartedMain] INFO  com.zaxxer.hikari.HikariDataSource - HikariPool-31 - Start completed.
06:37:59.349 [restartedMain] INFO  c.ram.sociohub.SociohubApplication - Started SociohubApplication in 1.507 seconds (process running for 1373.05)
06:38:43.967 [http-nio-8080-exec-1] INFO  c.ram.sociohub.service.UserService - getAllUsers method() starts 
06:38:43.986 [http-nio-8080-exec-1] INFO  c.ram.sociohub.service.UserService - Total no of Users : 0
06:38:43.986 [http-nio-8080-exec-1] INFO  c.ram.sociohub.service.UserService - getAllusers() ends
06:38:53.955 [http-nio-8080-exec-3] INFO  c.ram.sociohub.service.UserService - addUser method() starts 
06:38:53.955 [http-nio-8080-exec-3] INFO  c.ram.sociohub.service.UserService - Adding User: User(id=null, username=Balaji, email=Balaji@gmail.com, phno=6985748596, password=Password)
06:38:53.971 [http-nio-8080-exec-3] INFO  c.ram.sociohub.service.UserService - User Added Successfull
06:39:13.092 [http-nio-8080-exec-4] INFO  c.ram.sociohub.service.UserService - addUser method() starts 
06:39:13.092 [http-nio-8080-exec-4] INFO  c.ram.sociohub.service.UserService - Adding User: User(id=null, username=Arun, email=Arun@gmail.com, phno=8574859685, password=12344)
06:39:13.105 [http-nio-8080-exec-4] INFO  c.ram.sociohub.service.UserService - User Added Successfull
06:39:26.235 [http-nio-8080-exec-5] INFO  c.ram.sociohub.service.UserService - addUser method() starts 
06:39:26.235 [http-nio-8080-exec-5] INFO  c.ram.sociohub.service.UserService - Adding User: User(id=null, username=Chandru, email=Chandru@gmail.com, phno=8574859685, password=12344)
06:39:26.336 [http-nio-8080-exec-5] INFO  c.ram.sociohub.service.UserService - User Added Successfull
06:39:31.339 [http-nio-8080-exec-6] INFO  c.ram.sociohub.service.UserService - getAllUsers method() starts 
06:39:31.357 [http-nio-8080-exec-6] INFO  c.ram.sociohub.service.UserService - Total no of Users : 3
06:39:31.357 [http-nio-8080-exec-6] INFO  c.ram.sociohub.service.UserService - getAllusers() ends
06:40:23.301 [http-nio-8080-exec-7] INFO  c.ram.sociohub.service.UserService - addProfile method() starts 
06:40:23.301 [http-nio-8080-exec-7] INFO  c.ram.sociohub.service.UserService - The Profile com.ram.sociohub.entity.Profile@163927bc has been added.
06:40:23.301 [http-nio-8080-exec-7] INFO  c.ram.sociohub.service.UserService - addProfile method() ends 
06:40:28.783 [http-nio-8080-exec-8] INFO  c.ram.sociohub.service.UserService - getAllProfile method() starts 
06:40:28.796 [http-nio-8080-exec-8] INFO  c.ram.sociohub.service.UserService - The Profiles has been retrieved from the database
06:40:28.796 [http-nio-8080-exec-8] INFO  c.ram.sociohub.service.UserService - getAllProfile method() ends 
06:41:04.503 [http-nio-8080-exec-9] INFO  c.ram.sociohub.service.UserService - addProfile method() starts 
06:41:04.504 [http-nio-8080-exec-9] INFO  c.ram.sociohub.service.UserService - The Profile com.ram.sociohub.entity.Profile@311f48cd has been added.
06:41:04.504 [http-nio-8080-exec-9] INFO  c.ram.sociohub.service.UserService - addProfile method() ends 
06:41:10.732 [http-nio-8080-exec-10] INFO  c.ram.sociohub.service.UserService - getAllProfile method() starts 
06:41:10.749 [http-nio-8080-exec-10] INFO  c.ram.sociohub.service.UserService - The Profiles has been retrieved from the database
06:41:10.750 [http-nio-8080-exec-10] INFO  c.ram.sociohub.service.UserService - getAllProfile method() ends 
06:41:59.272 [http-nio-8080-exec-2] INFO  c.ram.sociohub.service.UserService - uploadPost method() starts 
06:41:59.272 [http-nio-8080-exec-2] INFO  c.ram.sociohub.service.UserService - The Post has been uploaded to the database
06:41:59.273 [http-nio-8080-exec-2] INFO  c.ram.sociohub.service.UserService - uploadPost method() ends 
06:42:31.825 [http-nio-8080-exec-1] INFO  c.ram.sociohub.service.UserService - uploadPost method() starts 
06:42:31.825 [http-nio-8080-exec-1] INFO  c.ram.sociohub.service.UserService - The Post has been uploaded to the database
06:42:31.825 [http-nio-8080-exec-1] INFO  c.ram.sociohub.service.UserService - uploadPost method() ends 
07:45:02.501 [Thread-122] INFO  com.zaxxer.hikari.HikariDataSource - HikariPool-31 - Shutdown initiated...
07:45:02.521 [Thread-122] INFO  com.zaxxer.hikari.HikariDataSource - HikariPool-31 - Shutdown completed.
07:45:03.118 [restartedMain] INFO  c.ram.sociohub.SociohubApplication - Starting SociohubApplication using Java 17.0.6 with PID 11548 (C:\Users\RAM\Documents\sociohub\sociohub-backend\target\classes started by RAM in C:\Users\RAM\Documents\sociohub\sociohub-backend)
07:45:03.118 [restartedMain] INFO  c.ram.sociohub.SociohubApplication - No active profile set, falling back to 1 default profile: "default"
07:45:03.681 [restartedMain] INFO  com.zaxxer.hikari.HikariDataSource - HikariPool-32 - Starting...
07:45:03.696 [restartedMain] INFO  com.zaxxer.hikari.pool.HikariPool - HikariPool-32 - Added connection com.mysql.cj.jdbc.ConnectionImpl@7f029a86
07:45:03.696 [restartedMain] INFO  com.zaxxer.hikari.HikariDataSource - HikariPool-32 - Start completed.
07:45:04.278 [restartedMain] INFO  c.ram.sociohub.SociohubApplication - Started SociohubApplication in 1.199 seconds (process running for 5397.978)
07:47:11.030 [Thread-126] INFO  com.zaxxer.hikari.HikariDataSource - HikariPool-32 - Shutdown initiated...
07:47:11.035 [Thread-126] INFO  com.zaxxer.hikari.HikariDataSource - HikariPool-32 - Shutdown completed.
07:47:11.154 [restartedMain] INFO  c.ram.sociohub.SociohubApplication - Starting SociohubApplication using Java 17.0.6 with PID 11548 (C:\Users\RAM\Documents\sociohub\sociohub-backend\target\classes started by RAM in C:\Users\RAM\Documents\sociohub\sociohub-backend)
07:47:11.156 [restartedMain] INFO  c.ram.sociohub.SociohubApplication - No active profile set, falling back to 1 default profile: "default"
07:47:11.496 [restartedMain] INFO  com.zaxxer.hikari.HikariDataSource - HikariPool-33 - Starting...
07:47:11.512 [restartedMain] INFO  com.zaxxer.hikari.pool.HikariPool - HikariPool-33 - Added connection com.mysql.cj.jdbc.ConnectionImpl@1e1f3362
07:47:11.512 [restartedMain] INFO  com.zaxxer.hikari.HikariDataSource - HikariPool-33 - Start completed.
07:47:11.915 [restartedMain] INFO  c.ram.sociohub.SociohubApplication - Started SociohubApplication in 0.789 seconds (process running for 5525.616)
07:48:12.894 [Thread-130] INFO  com.zaxxer.hikari.HikariDataSource - HikariPool-33 - Shutdown initiated...
07:48:12.899 [Thread-130] INFO  com.zaxxer.hikari.HikariDataSource - HikariPool-33 - Shutdown completed.
07:48:13.010 [restartedMain] INFO  c.ram.sociohub.SociohubApplication - Starting SociohubApplication using Java 17.0.6 with PID 11548 (C:\Users\RAM\Documents\sociohub\sociohub-backend\target\classes started by RAM in C:\Users\RAM\Documents\sociohub\sociohub-backend)
07:48:13.010 [restartedMain] INFO  c.ram.sociohub.SociohubApplication - No active profile set, falling back to 1 default profile: "default"
07:48:13.387 [restartedMain] INFO  com.zaxxer.hikari.HikariDataSource - HikariPool-34 - Starting...
07:48:13.398 [restartedMain] INFO  com.zaxxer.hikari.pool.HikariPool - HikariPool-34 - Added connection com.mysql.cj.jdbc.ConnectionImpl@4048538b
07:48:13.399 [restartedMain] INFO  com.zaxxer.hikari.HikariDataSource - HikariPool-34 - Start completed.
07:48:13.759 [restartedMain] INFO  c.ram.sociohub.SociohubApplication - Started SociohubApplication in 0.777 seconds (process running for 5587.46)
07:48:45.993 [Thread-134] INFO  com.zaxxer.hikari.HikariDataSource - HikariPool-34 - Shutdown initiated...
07:48:45.999 [Thread-134] INFO  com.zaxxer.hikari.HikariDataSource - HikariPool-34 - Shutdown completed.
07:48:46.127 [restartedMain] INFO  c.ram.sociohub.SociohubApplication - Starting SociohubApplication using Java 17.0.6 with PID 11548 (C:\Users\RAM\Documents\sociohub\sociohub-backend\target\classes started by RAM in C:\Users\RAM\Documents\sociohub\sociohub-backend)
07:48:46.128 [restartedMain] INFO  c.ram.sociohub.SociohubApplication - No active profile set, falling back to 1 default profile: "default"
07:48:46.572 [restartedMain] INFO  com.zaxxer.hikari.HikariDataSource - HikariPool-35 - Starting...
07:48:46.585 [restartedMain] INFO  com.zaxxer.hikari.pool.HikariPool - HikariPool-35 - Added connection com.mysql.cj.jdbc.ConnectionImpl@7eab3c55
07:48:46.585 [restartedMain] INFO  com.zaxxer.hikari.HikariDataSource - HikariPool-35 - Start completed.
07:48:47.395 [restartedMain] INFO  c.ram.sociohub.SociohubApplication - Started SociohubApplication in 1.303 seconds (process running for 5621.096)
07:49:16.701 [Thread-138] INFO  com.zaxxer.hikari.HikariDataSource - HikariPool-35 - Shutdown initiated...
07:49:16.709 [Thread-138] INFO  com.zaxxer.hikari.HikariDataSource - HikariPool-35 - Shutdown completed.
07:49:16.823 [restartedMain] INFO  c.ram.sociohub.SociohubApplication - Starting SociohubApplication using Java 17.0.6 with PID 11548 (C:\Users\RAM\Documents\sociohub\sociohub-backend\target\classes started by RAM in C:\Users\RAM\Documents\sociohub\sociohub-backend)
07:49:16.823 [restartedMain] INFO  c.ram.sociohub.SociohubApplication - No active profile set, falling back to 1 default profile: "default"
07:49:17.388 [restartedMain] INFO  com.zaxxer.hikari.HikariDataSource - HikariPool-36 - Starting...
07:49:17.401 [restartedMain] INFO  com.zaxxer.hikari.pool.HikariPool - HikariPool-36 - Added connection com.mysql.cj.jdbc.ConnectionImpl@7a1502da
07:49:17.401 [restartedMain] INFO  com.zaxxer.hikari.HikariDataSource - HikariPool-36 - Start completed.
07:49:17.711 [restartedMain] INFO  c.ram.sociohub.SociohubApplication - Started SociohubApplication in 0.925 seconds (process running for 5651.412)
07:49:22.313 [Thread-142] INFO  com.zaxxer.hikari.HikariDataSource - HikariPool-36 - Shutdown initiated...
07:49:22.318 [Thread-142] INFO  com.zaxxer.hikari.HikariDataSource - HikariPool-36 - Shutdown completed.
07:49:22.424 [restartedMain] INFO  c.ram.sociohub.SociohubApplication - Starting SociohubApplication using Java 17.0.6 with PID 11548 (C:\Users\RAM\Documents\sociohub\sociohub-backend\target\classes started by RAM in C:\Users\RAM\Documents\sociohub\sociohub-backend)
07:49:22.424 [restartedMain] INFO  c.ram.sociohub.SociohubApplication - No active profile set, falling back to 1 default profile: "default"
07:49:22.839 [restartedMain] INFO  com.zaxxer.hikari.HikariDataSource - HikariPool-37 - Starting...
07:49:22.851 [restartedMain] INFO  com.zaxxer.hikari.pool.HikariPool - HikariPool-37 - Added connection com.mysql.cj.jdbc.ConnectionImpl@472f2b9e
07:49:22.851 [restartedMain] INFO  com.zaxxer.hikari.HikariDataSource - HikariPool-37 - Start completed.
07:49:23.210 [restartedMain] INFO  c.ram.sociohub.SociohubApplication - Started SociohubApplication in 0.817 seconds (process running for 5656.911)
07:51:44.830 [Thread-146] INFO  com.zaxxer.hikari.HikariDataSource - HikariPool-37 - Shutdown initiated...
07:51:44.839 [Thread-146] INFO  com.zaxxer.hikari.HikariDataSource - HikariPool-37 - Shutdown completed.
07:51:44.955 [restartedMain] INFO  c.ram.sociohub.SociohubApplication - Starting SociohubApplication using Java 17.0.6 with PID 11548 (C:\Users\RAM\Documents\sociohub\sociohub-backend\target\classes started by RAM in C:\Users\RAM\Documents\sociohub\sociohub-backend)
07:51:44.955 [restartedMain] INFO  c.ram.sociohub.SociohubApplication - No active profile set, falling back to 1 default profile: "default"
07:51:45.339 [restartedMain] INFO  com.zaxxer.hikari.HikariDataSource - HikariPool-38 - Starting...
07:51:45.352 [restartedMain] INFO  com.zaxxer.hikari.pool.HikariPool - HikariPool-38 - Added connection com.mysql.cj.jdbc.ConnectionImpl@7666ad1b
07:51:45.352 [restartedMain] INFO  com.zaxxer.hikari.HikariDataSource - HikariPool-38 - Start completed.
07:51:45.758 [restartedMain] INFO  c.ram.sociohub.SociohubApplication - Started SociohubApplication in 0.831 seconds (process running for 5799.459)
07:53:32.710 [Thread-150] INFO  com.zaxxer.hikari.HikariDataSource - HikariPool-38 - Shutdown initiated...
07:53:32.715 [Thread-150] INFO  com.zaxxer.hikari.HikariDataSource - HikariPool-38 - Shutdown completed.
07:53:32.824 [restartedMain] INFO  c.ram.sociohub.SociohubApplication - Starting SociohubApplication using Java 17.0.6 with PID 11548 (C:\Users\RAM\Documents\sociohub\sociohub-backend\target\classes started by RAM in C:\Users\RAM\Documents\sociohub\sociohub-backend)
07:53:32.825 [restartedMain] INFO  c.ram.sociohub.SociohubApplication - No active profile set, falling back to 1 default profile: "default"
07:53:33.188 [restartedMain] INFO  com.zaxxer.hikari.HikariDataSource - HikariPool-39 - Starting...
07:53:33.199 [restartedMain] INFO  com.zaxxer.hikari.pool.HikariPool - HikariPool-39 - Added connection com.mysql.cj.jdbc.ConnectionImpl@29f56114
07:53:33.200 [restartedMain] INFO  com.zaxxer.hikari.HikariDataSource - HikariPool-39 - Start completed.
07:53:33.573 [restartedMain] INFO  c.ram.sociohub.SociohubApplication - Started SociohubApplication in 0.776 seconds (process running for 5907.273)
07:53:51.463 [Thread-154] INFO  com.zaxxer.hikari.HikariDataSource - HikariPool-39 - Shutdown initiated...
07:53:51.468 [Thread-154] INFO  com.zaxxer.hikari.HikariDataSource - HikariPool-39 - Shutdown completed.
07:53:51.568 [restartedMain] INFO  c.ram.sociohub.SociohubApplication - Starting SociohubApplication using Java 17.0.6 with PID 11548 (C:\Users\RAM\Documents\sociohub\sociohub-backend\target\classes started by RAM in C:\Users\RAM\Documents\sociohub\sociohub-backend)
07:53:51.568 [restartedMain] INFO  c.ram.sociohub.SociohubApplication - No active profile set, falling back to 1 default profile: "default"
07:53:51.898 [restartedMain] INFO  com.zaxxer.hikari.HikariDataSource - HikariPool-40 - Starting...
07:53:51.909 [restartedMain] INFO  com.zaxxer.hikari.pool.HikariPool - HikariPool-40 - Added connection com.mysql.cj.jdbc.ConnectionImpl@7df5ad00
07:53:51.909 [restartedMain] INFO  com.zaxxer.hikari.HikariDataSource - HikariPool-40 - Start completed.
07:53:52.266 [restartedMain] INFO  c.ram.sociohub.SociohubApplication - Started SociohubApplication in 0.725 seconds (process running for 5925.967)
07:54:15.363 [Thread-158] INFO  com.zaxxer.hikari.HikariDataSource - HikariPool-40 - Shutdown initiated...
07:54:15.367 [Thread-158] INFO  com.zaxxer.hikari.HikariDataSource - HikariPool-40 - Shutdown completed.
07:54:15.473 [restartedMain] INFO  c.ram.sociohub.SociohubApplication - Starting SociohubApplication using Java 17.0.6 with PID 11548 (C:\Users\RAM\Documents\sociohub\sociohub-backend\target\classes started by RAM in C:\Users\RAM\Documents\sociohub\sociohub-backend)
07:54:15.474 [restartedMain] INFO  c.ram.sociohub.SociohubApplication - No active profile set, falling back to 1 default profile: "default"
07:54:15.805 [restartedMain] INFO  com.zaxxer.hikari.HikariDataSource - HikariPool-41 - Starting...
07:54:15.817 [restartedMain] INFO  com.zaxxer.hikari.pool.HikariPool - HikariPool-41 - Added connection com.mysql.cj.jdbc.ConnectionImpl@4fcea8e5
07:54:15.817 [restartedMain] INFO  com.zaxxer.hikari.HikariDataSource - HikariPool-41 - Start completed.
07:54:16.119 [restartedMain] INFO  c.ram.sociohub.SociohubApplication - Started SociohubApplication in 0.672 seconds (process running for 5949.819)
07:54:23.801 [Thread-162] INFO  com.zaxxer.hikari.HikariDataSource - HikariPool-41 - Shutdown initiated...
07:54:23.806 [Thread-162] INFO  com.zaxxer.hikari.HikariDataSource - HikariPool-41 - Shutdown completed.
07:54:23.910 [restartedMain] INFO  c.ram.sociohub.SociohubApplication - Starting SociohubApplication using Java 17.0.6 with PID 11548 (C:\Users\RAM\Documents\sociohub\sociohub-backend\target\classes started by RAM in C:\Users\RAM\Documents\sociohub\sociohub-backend)
07:54:23.910 [restartedMain] INFO  c.ram.sociohub.SociohubApplication - No active profile set, falling back to 1 default profile: "default"
07:54:24.247 [restartedMain] INFO  com.zaxxer.hikari.HikariDataSource - HikariPool-42 - Starting...
07:54:24.258 [restartedMain] INFO  com.zaxxer.hikari.pool.HikariPool - HikariPool-42 - Added connection com.mysql.cj.jdbc.ConnectionImpl@4b0a5f6f
07:54:24.259 [restartedMain] INFO  com.zaxxer.hikari.HikariDataSource - HikariPool-42 - Start completed.
07:54:24.610 [restartedMain] INFO  c.ram.sociohub.SociohubApplication - Started SociohubApplication in 0.728 seconds (process running for 5958.311)
07:54:58.987 [Thread-166] INFO  com.zaxxer.hikari.HikariDataSource - HikariPool-42 - Shutdown initiated...
07:54:58.992 [Thread-166] INFO  com.zaxxer.hikari.HikariDataSource - HikariPool-42 - Shutdown completed.
07:54:59.109 [restartedMain] INFO  c.ram.sociohub.SociohubApplication - Starting SociohubApplication using Java 17.0.6 with PID 11548 (C:\Users\RAM\Documents\sociohub\sociohub-backend\target\classes started by RAM in C:\Users\RAM\Documents\sociohub\sociohub-backend)
07:54:59.109 [restartedMain] INFO  c.ram.sociohub.SociohubApplication - No active profile set, falling back to 1 default profile: "default"
07:54:59.478 [restartedMain] INFO  com.zaxxer.hikari.HikariDataSource - HikariPool-43 - Starting...
07:54:59.490 [restartedMain] INFO  com.zaxxer.hikari.pool.HikariPool - HikariPool-43 - Added connection com.mysql.cj.jdbc.ConnectionImpl@59313700
07:54:59.490 [restartedMain] INFO  com.zaxxer.hikari.HikariDataSource - HikariPool-43 - Start completed.
07:54:59.999 [restartedMain] INFO  c.ram.sociohub.SociohubApplication - Started SociohubApplication in 0.919 seconds (process running for 5993.7)
07:56:25.870 [Thread-170] INFO  com.zaxxer.hikari.HikariDataSource - HikariPool-43 - Shutdown initiated...
07:56:25.881 [Thread-170] INFO  com.zaxxer.hikari.HikariDataSource - HikariPool-43 - Shutdown completed.
07:56:26.004 [restartedMain] INFO  c.ram.sociohub.SociohubApplication - Starting SociohubApplication using Java 17.0.6 with PID 11548 (C:\Users\RAM\Documents\sociohub\sociohub-backend\target\classes started by RAM in C:\Users\RAM\Documents\sociohub\sociohub-backend)
07:56:26.004 [restartedMain] INFO  c.ram.sociohub.SociohubApplication - No active profile set, falling back to 1 default profile: "default"
07:56:26.435 [restartedMain] INFO  com.zaxxer.hikari.HikariDataSource - HikariPool-44 - Starting...
07:56:26.449 [restartedMain] INFO  com.zaxxer.hikari.pool.HikariPool - HikariPool-44 - Added connection com.mysql.cj.jdbc.ConnectionImpl@23f509ab
07:56:26.449 [restartedMain] INFO  com.zaxxer.hikari.HikariDataSource - HikariPool-44 - Start completed.
07:56:27.060 [restartedMain] INFO  c.ram.sociohub.SociohubApplication - Started SociohubApplication in 1.087 seconds (process running for 6080.761)
07:57:16.935 [Thread-174] INFO  com.zaxxer.hikari.HikariDataSource - HikariPool-44 - Shutdown initiated...
07:57:16.940 [Thread-174] INFO  com.zaxxer.hikari.HikariDataSource - HikariPool-44 - Shutdown completed.
07:57:17.056 [restartedMain] INFO  c.ram.sociohub.SociohubApplication - Starting SociohubApplication using Java 17.0.6 with PID 11548 (C:\Users\RAM\Documents\sociohub\sociohub-backend\target\classes started by RAM in C:\Users\RAM\Documents\sociohub\sociohub-backend)
07:57:17.057 [restartedMain] INFO  c.ram.sociohub.SociohubApplication - No active profile set, falling back to 1 default profile: "default"
07:57:17.498 [restartedMain] INFO  com.zaxxer.hikari.HikariDataSource - HikariPool-45 - Starting...
07:57:17.516 [restartedMain] INFO  com.zaxxer.hikari.pool.HikariPool - HikariPool-45 - Added connection com.mysql.cj.jdbc.ConnectionImpl@259e54a5
07:57:17.516 [restartedMain] INFO  com.zaxxer.hikari.HikariDataSource - HikariPool-45 - Start completed.
07:57:18.042 [restartedMain] INFO  c.ram.sociohub.SociohubApplication - Started SociohubApplication in 1.012 seconds (process running for 6131.742)
07:57:32.903 [Thread-178] INFO  com.zaxxer.hikari.HikariDataSource - HikariPool-45 - Shutdown initiated...
07:57:32.908 [Thread-178] INFO  com.zaxxer.hikari.HikariDataSource - HikariPool-45 - Shutdown completed.
07:57:33.017 [restartedMain] INFO  c.ram.sociohub.SociohubApplication - Starting SociohubApplication using Java 17.0.6 with PID 11548 (C:\Users\RAM\Documents\sociohub\sociohub-backend\target\classes started by RAM in C:\Users\RAM\Documents\sociohub\sociohub-backend)
07:57:33.017 [restartedMain] INFO  c.ram.sociohub.SociohubApplication - No active profile set, falling back to 1 default profile: "default"
07:57:33.430 [restartedMain] INFO  com.zaxxer.hikari.HikariDataSource - HikariPool-46 - Starting...
07:57:33.441 [restartedMain] INFO  com.zaxxer.hikari.pool.HikariPool - HikariPool-46 - Added connection com.mysql.cj.jdbc.ConnectionImpl@6cc09656
07:57:33.441 [restartedMain] INFO  com.zaxxer.hikari.HikariDataSource - HikariPool-46 - Start completed.
07:57:33.798 [restartedMain] INFO  c.ram.sociohub.SociohubApplication - Started SociohubApplication in 0.808 seconds (process running for 6147.499)
07:57:42.496 [Thread-182] INFO  com.zaxxer.hikari.HikariDataSource - HikariPool-46 - Shutdown initiated...
07:57:42.501 [Thread-182] INFO  com.zaxxer.hikari.HikariDataSource - HikariPool-46 - Shutdown completed.
07:57:42.631 [restartedMain] INFO  c.ram.sociohub.SociohubApplication - Starting SociohubApplication using Java 17.0.6 with PID 11548 (C:\Users\RAM\Documents\sociohub\sociohub-backend\target\classes started by RAM in C:\Users\RAM\Documents\sociohub\sociohub-backend)
07:57:42.631 [restartedMain] INFO  c.ram.sociohub.SociohubApplication - No active profile set, falling back to 1 default profile: "default"
07:57:43.030 [restartedMain] INFO  com.zaxxer.hikari.HikariDataSource - HikariPool-47 - Starting...
07:57:43.043 [restartedMain] INFO  com.zaxxer.hikari.pool.HikariPool - HikariPool-47 - Added connection com.mysql.cj.jdbc.ConnectionImpl@986ba8e
07:57:43.043 [restartedMain] INFO  com.zaxxer.hikari.HikariDataSource - HikariPool-47 - Start completed.
07:57:43.392 [restartedMain] INFO  c.ram.sociohub.SociohubApplication - Started SociohubApplication in 0.792 seconds (process running for 6157.093)
07:57:56.241 [Thread-186] INFO  com.zaxxer.hikari.HikariDataSource - HikariPool-47 - Shutdown initiated...
07:57:56.245 [Thread-186] INFO  com.zaxxer.hikari.HikariDataSource - HikariPool-47 - Shutdown completed.
07:57:56.352 [restartedMain] INFO  c.ram.sociohub.SociohubApplication - Starting SociohubApplication using Java 17.0.6 with PID 11548 (C:\Users\RAM\Documents\sociohub\sociohub-backend\target\classes started by RAM in C:\Users\RAM\Documents\sociohub\sociohub-backend)
07:57:56.352 [restartedMain] INFO  c.ram.sociohub.SociohubApplication - No active profile set, falling back to 1 default profile: "default"
07:57:56.680 [restartedMain] INFO  com.zaxxer.hikari.HikariDataSource - HikariPool-48 - Starting...
07:57:56.692 [restartedMain] INFO  com.zaxxer.hikari.pool.HikariPool - HikariPool-48 - Added connection com.mysql.cj.jdbc.ConnectionImpl@755d78a4
07:57:56.692 [restartedMain] INFO  com.zaxxer.hikari.HikariDataSource - HikariPool-48 - Start completed.
07:57:57.027 [restartedMain] INFO  c.ram.sociohub.SociohubApplication - Started SociohubApplication in 0.7 seconds (process running for 6170.728)
08:00:26.437 [Thread-190] INFO  com.zaxxer.hikari.HikariDataSource - HikariPool-48 - Shutdown initiated...
08:00:26.442 [Thread-190] INFO  com.zaxxer.hikari.HikariDataSource - HikariPool-48 - Shutdown completed.
08:00:26.574 [restartedMain] INFO  c.ram.sociohub.SociohubApplication - Starting SociohubApplication using Java 17.0.6 with PID 11548 (C:\Users\RAM\Documents\sociohub\sociohub-backend\target\classes started by RAM in C:\Users\RAM\Documents\sociohub\sociohub-backend)
08:00:26.574 [restartedMain] INFO  c.ram.sociohub.SociohubApplication - No active profile set, falling back to 1 default profile: "default"
08:00:26.968 [restartedMain] INFO  com.zaxxer.hikari.HikariDataSource - HikariPool-49 - Starting...
08:00:26.981 [restartedMain] INFO  com.zaxxer.hikari.pool.HikariPool - HikariPool-49 - Added connection com.mysql.cj.jdbc.ConnectionImpl@847d3dc
08:00:26.981 [restartedMain] INFO  com.zaxxer.hikari.HikariDataSource - HikariPool-49 - Start completed.
08:00:27.351 [restartedMain] INFO  c.ram.sociohub.SociohubApplication - Started SociohubApplication in 0.808 seconds (process running for 6321.052)
08:10:36.051 [Thread-194] INFO  com.zaxxer.hikari.HikariDataSource - HikariPool-49 - Shutdown initiated...
08:10:36.058 [Thread-194] INFO  com.zaxxer.hikari.HikariDataSource - HikariPool-49 - Shutdown completed.
08:10:38.652 [restartedMain] INFO  c.ram.sociohub.SociohubApplication - Starting SociohubApplication using Java 17.0.6 with PID 11548 (C:\Users\RAM\Documents\sociohub\sociohub-backend\target\classes started by RAM in C:\Users\RAM\Documents\sociohub\sociohub-backend)
08:10:38.653 [restartedMain] INFO  c.ram.sociohub.SociohubApplication - No active profile set, falling back to 1 default profile: "default"
08:10:39.313 [restartedMain] INFO  com.zaxxer.hikari.HikariDataSource - HikariPool-50 - Starting...
08:10:39.326 [restartedMain] INFO  com.zaxxer.hikari.pool.HikariPool - HikariPool-50 - Added connection com.mysql.cj.jdbc.ConnectionImpl@40092704
08:10:39.327 [restartedMain] INFO  com.zaxxer.hikari.HikariDataSource - HikariPool-50 - Start completed.
08:10:39.804 [restartedMain] INFO  c.ram.sociohub.SociohubApplication - Started SociohubApplication in 1.202 seconds (process running for 6933.505)
08:11:46.070 [Thread-198] INFO  com.zaxxer.hikari.HikariDataSource - HikariPool-50 - Shutdown initiated...
08:11:46.076 [Thread-198] INFO  com.zaxxer.hikari.HikariDataSource - HikariPool-50 - Shutdown completed.
08:11:46.203 [restartedMain] INFO  c.ram.sociohub.SociohubApplication - Starting SociohubApplication using Java 17.0.6 with PID 11548 (C:\Users\RAM\Documents\sociohub\sociohub-backend\target\classes started by RAM in C:\Users\RAM\Documents\sociohub\sociohub-backend)
08:11:46.204 [restartedMain] INFO  c.ram.sociohub.SociohubApplication - No active profile set, falling back to 1 default profile: "default"
08:11:46.539 [restartedMain] INFO  com.zaxxer.hikari.HikariDataSource - HikariPool-51 - Starting...
08:11:46.550 [restartedMain] INFO  com.zaxxer.hikari.pool.HikariPool - HikariPool-51 - Added connection com.mysql.cj.jdbc.ConnectionImpl@40336eca
08:11:46.550 [restartedMain] INFO  com.zaxxer.hikari.HikariDataSource - HikariPool-51 - Start completed.
08:11:46.863 [restartedMain] INFO  c.ram.sociohub.SociohubApplication - Started SociohubApplication in 0.692 seconds (process running for 7000.563)
08:11:49.350 [Thread-205] INFO  com.zaxxer.hikari.HikariDataSource - HikariPool-51 - Shutdown initiated...
08:11:49.354 [Thread-205] INFO  com.zaxxer.hikari.HikariDataSource - HikariPool-51 - Shutdown completed.
08:11:49.464 [restartedMain] INFO  c.ram.sociohub.SociohubApplication - Starting SociohubApplication using Java 17.0.6 with PID 11548 (C:\Users\RAM\Documents\sociohub\sociohub-backend\target\classes started by RAM in C:\Users\RAM\Documents\sociohub\sociohub-backend)
08:11:49.464 [restartedMain] INFO  c.ram.sociohub.SociohubApplication - No active profile set, falling back to 1 default profile: "default"
08:11:49.877 [restartedMain] INFO  com.zaxxer.hikari.HikariDataSource - HikariPool-52 - Starting...
08:11:49.890 [restartedMain] INFO  com.zaxxer.hikari.pool.HikariPool - HikariPool-52 - Added connection com.mysql.cj.jdbc.ConnectionImpl@7b3862a7
08:11:49.890 [restartedMain] INFO  com.zaxxer.hikari.HikariDataSource - HikariPool-52 - Start completed.
08:11:50.225 [restartedMain] INFO  c.ram.sociohub.SociohubApplication - Started SociohubApplication in 0.787 seconds (process running for 7003.926)
08:12:03.021 [Thread-209] INFO  com.zaxxer.hikari.HikariDataSource - HikariPool-52 - Shutdown initiated...
08:12:03.025 [Thread-209] INFO  com.zaxxer.hikari.HikariDataSource - HikariPool-52 - Shutdown completed.
08:12:03.122 [restartedMain] INFO  c.ram.sociohub.SociohubApplication - Starting SociohubApplication using Java 17.0.6 with PID 11548 (C:\Users\RAM\Documents\sociohub\sociohub-backend\target\classes started by RAM in C:\Users\RAM\Documents\sociohub\sociohub-backend)
08:12:03.122 [restartedMain] INFO  c.ram.sociohub.SociohubApplication - No active profile set, falling back to 1 default profile: "default"
08:12:03.457 [restartedMain] INFO  com.zaxxer.hikari.HikariDataSource - HikariPool-53 - Starting...
08:12:03.470 [restartedMain] INFO  com.zaxxer.hikari.pool.HikariPool - HikariPool-53 - Added connection com.mysql.cj.jdbc.ConnectionImpl@33e92a9c
08:12:03.470 [restartedMain] INFO  com.zaxxer.hikari.HikariDataSource - HikariPool-53 - Start completed.
08:12:03.849 [restartedMain] INFO  c.ram.sociohub.SociohubApplication - Started SociohubApplication in 0.752 seconds (process running for 7017.55)
08:12:15.635 [Thread-213] INFO  com.zaxxer.hikari.HikariDataSource - HikariPool-53 - Shutdown initiated...
08:12:15.640 [Thread-213] INFO  com.zaxxer.hikari.HikariDataSource - HikariPool-53 - Shutdown completed.
08:12:15.749 [restartedMain] INFO  c.ram.sociohub.SociohubApplication - Starting SociohubApplication using Java 17.0.6 with PID 11548 (C:\Users\RAM\Documents\sociohub\sociohub-backend\target\classes started by RAM in C:\Users\RAM\Documents\sociohub\sociohub-backend)
08:12:15.750 [restartedMain] INFO  c.ram.sociohub.SociohubApplication - No active profile set, falling back to 1 default profile: "default"
08:12:16.092 [restartedMain] INFO  com.zaxxer.hikari.HikariDataSource - HikariPool-54 - Starting...
08:12:16.102 [restartedMain] INFO  com.zaxxer.hikari.pool.HikariPool - HikariPool-54 - Added connection com.mysql.cj.jdbc.ConnectionImpl@6b502690
08:12:16.102 [restartedMain] INFO  com.zaxxer.hikari.HikariDataSource - HikariPool-54 - Start completed.
08:12:16.428 [restartedMain] INFO  c.ram.sociohub.SociohubApplication - Started SociohubApplication in 0.714 seconds (process running for 7030.129)
08:12:29.187 [Thread-217] INFO  com.zaxxer.hikari.HikariDataSource - HikariPool-54 - Shutdown initiated...
08:12:29.191 [Thread-217] INFO  com.zaxxer.hikari.HikariDataSource - HikariPool-54 - Shutdown completed.
08:12:29.298 [restartedMain] INFO  c.ram.sociohub.SociohubApplication - Starting SociohubApplication using Java 17.0.6 with PID 11548 (C:\Users\RAM\Documents\sociohub\sociohub-backend\target\classes started by RAM in C:\Users\RAM\Documents\sociohub\sociohub-backend)
08:12:29.298 [restartedMain] INFO  c.ram.sociohub.SociohubApplication - No active profile set, falling back to 1 default profile: "default"
08:12:29.659 [restartedMain] INFO  com.zaxxer.hikari.HikariDataSource - HikariPool-55 - Starting...
08:12:29.670 [restartedMain] INFO  com.zaxxer.hikari.pool.HikariPool - HikariPool-55 - Added connection com.mysql.cj.jdbc.ConnectionImpl@aacba36
08:12:29.671 [restartedMain] INFO  com.zaxxer.hikari.HikariDataSource - HikariPool-55 - Start completed.
08:12:29.975 [restartedMain] INFO  c.ram.sociohub.SociohubApplication - Started SociohubApplication in 0.705 seconds (process running for 7043.676)
08:13:05.363 [Thread-221] INFO  com.zaxxer.hikari.HikariDataSource - HikariPool-55 - Shutdown initiated...
08:13:05.368 [Thread-221] INFO  com.zaxxer.hikari.HikariDataSource - HikariPool-55 - Shutdown completed.
08:13:05.472 [restartedMain] INFO  c.ram.sociohub.SociohubApplication - Starting SociohubApplication using Java 17.0.6 with PID 11548 (C:\Users\RAM\Documents\sociohub\sociohub-backend\target\classes started by RAM in C:\Users\RAM\Documents\sociohub\sociohub-backend)
08:13:05.472 [restartedMain] INFO  c.ram.sociohub.SociohubApplication - No active profile set, falling back to 1 default profile: "default"
08:13:05.944 [restartedMain] INFO  com.zaxxer.hikari.HikariDataSource - HikariPool-56 - Starting...
08:13:05.957 [restartedMain] INFO  com.zaxxer.hikari.pool.HikariPool - HikariPool-56 - Added connection com.mysql.cj.jdbc.ConnectionImpl@1f75c4dc
08:13:05.957 [restartedMain] INFO  com.zaxxer.hikari.HikariDataSource - HikariPool-56 - Start completed.
08:13:06.345 [restartedMain] INFO  c.ram.sociohub.SociohubApplication - Started SociohubApplication in 0.897 seconds (process running for 7080.046)
08:13:24.084 [Thread-225] INFO  com.zaxxer.hikari.HikariDataSource - HikariPool-56 - Shutdown initiated...
08:13:24.090 [Thread-225] INFO  com.zaxxer.hikari.HikariDataSource - HikariPool-56 - Shutdown completed.
08:13:24.196 [restartedMain] INFO  c.ram.sociohub.SociohubApplication - Starting SociohubApplication using Java 17.0.6 with PID 11548 (C:\Users\RAM\Documents\sociohub\sociohub-backend\target\classes started by RAM in C:\Users\RAM\Documents\sociohub\sociohub-backend)
08:13:24.196 [restartedMain] INFO  c.ram.sociohub.SociohubApplication - No active profile set, falling back to 1 default profile: "default"
08:13:24.537 [restartedMain] INFO  com.zaxxer.hikari.HikariDataSource - HikariPool-57 - Starting...
08:13:24.546 [restartedMain] INFO  com.zaxxer.hikari.pool.HikariPool - HikariPool-57 - Added connection com.mysql.cj.jdbc.ConnectionImpl@c87d209
08:13:24.546 [restartedMain] INFO  com.zaxxer.hikari.HikariDataSource - HikariPool-57 - Start completed.
08:13:24.862 [restartedMain] INFO  c.ram.sociohub.SociohubApplication - Started SociohubApplication in 0.692 seconds (process running for 7098.563)
08:14:41.803 [http-nio-8080-exec-5] INFO  c.ram.sociohub.service.UserService - getAllProfile method() starts 
08:14:41.817 [http-nio-8080-exec-5] INFO  c.ram.sociohub.service.UserService - The Profiles has been retrieved from the database
08:14:41.817 [http-nio-8080-exec-5] INFO  c.ram.sociohub.service.UserService - getAllProfile method() ends 
08:14:49.536 [http-nio-8080-exec-6] INFO  c.ram.sociohub.service.UserService - getAllPosts method() starts 
08:14:49.547 [http-nio-8080-exec-6] INFO  c.ram.sociohub.service.UserService - The datas has been retrieved from the database
08:14:49.547 [http-nio-8080-exec-6] INFO  c.ram.sociohub.service.UserService - getAllPosts() ends
08:16:45.776 [Thread-229] INFO  com.zaxxer.hikari.HikariDataSource - HikariPool-57 - Shutdown initiated...
08:16:45.781 [Thread-229] INFO  com.zaxxer.hikari.HikariDataSource - HikariPool-57 - Shutdown completed.
08:16:45.888 [restartedMain] INFO  c.ram.sociohub.SociohubApplication - Starting SociohubApplication using Java 17.0.6 with PID 11548 (C:\Users\RAM\Documents\sociohub\sociohub-backend\target\classes started by RAM in C:\Users\RAM\Documents\sociohub\sociohub-backend)
08:16:45.888 [restartedMain] INFO  c.ram.sociohub.SociohubApplication - No active profile set, falling back to 1 default profile: "default"
08:16:46.233 [restartedMain] INFO  com.zaxxer.hikari.HikariDataSource - HikariPool-58 - Starting...
08:16:46.244 [restartedMain] INFO  com.zaxxer.hikari.pool.HikariPool - HikariPool-58 - Added connection com.mysql.cj.jdbc.ConnectionImpl@47a63aec
08:16:46.244 [restartedMain] INFO  com.zaxxer.hikari.HikariDataSource - HikariPool-58 - Start completed.
08:16:46.584 [restartedMain] INFO  c.ram.sociohub.SociohubApplication - Started SociohubApplication in 0.721 seconds (process running for 7300.284)
08:16:52.139 [Thread-233] INFO  com.zaxxer.hikari.HikariDataSource - HikariPool-58 - Shutdown initiated...
08:16:52.144 [Thread-233] INFO  com.zaxxer.hikari.HikariDataSource - HikariPool-58 - Shutdown completed.
08:16:52.249 [restartedMain] INFO  c.ram.sociohub.SociohubApplication - Starting SociohubApplication using Java 17.0.6 with PID 11548 (C:\Users\RAM\Documents\sociohub\sociohub-backend\target\classes started by RAM in C:\Users\RAM\Documents\sociohub\sociohub-backend)
08:16:52.249 [restartedMain] INFO  c.ram.sociohub.SociohubApplication - No active profile set, falling back to 1 default profile: "default"
08:16:52.626 [restartedMain] INFO  com.zaxxer.hikari.HikariDataSource - HikariPool-59 - Starting...
08:16:52.640 [restartedMain] INFO  com.zaxxer.hikari.pool.HikariPool - HikariPool-59 - Added connection com.mysql.cj.jdbc.ConnectionImpl@403c89f3
08:16:52.640 [restartedMain] INFO  com.zaxxer.hikari.HikariDataSource - HikariPool-59 - Start completed.
08:16:52.960 [restartedMain] INFO  c.ram.sociohub.SociohubApplication - Started SociohubApplication in 0.735 seconds (process running for 7306.661)
08:18:55.770 [Thread-237] INFO  com.zaxxer.hikari.HikariDataSource - HikariPool-59 - Shutdown initiated...
08:18:55.775 [Thread-237] INFO  com.zaxxer.hikari.HikariDataSource - HikariPool-59 - Shutdown completed.
08:18:55.892 [restartedMain] INFO  c.ram.sociohub.SociohubApplication - Starting SociohubApplication using Java 17.0.6 with PID 11548 (C:\Users\RAM\Documents\sociohub\sociohub-backend\target\classes started by RAM in C:\Users\RAM\Documents\sociohub\sociohub-backend)
08:18:55.893 [restartedMain] INFO  c.ram.sociohub.SociohubApplication - No active profile set, falling back to 1 default profile: "default"
08:18:56.334 [restartedMain] INFO  com.zaxxer.hikari.HikariDataSource - HikariPool-60 - Starting...
08:18:56.349 [restartedMain] INFO  com.zaxxer.hikari.pool.HikariPool - HikariPool-60 - Added connection com.mysql.cj.jdbc.ConnectionImpl@7fd202ea
08:18:56.349 [restartedMain] INFO  com.zaxxer.hikari.HikariDataSource - HikariPool-60 - Start completed.
08:18:56.665 [restartedMain] INFO  c.ram.sociohub.SociohubApplication - Started SociohubApplication in 0.81 seconds (process running for 7430.365)
08:19:38.234 [Thread-241] INFO  com.zaxxer.hikari.HikariDataSource - HikariPool-60 - Shutdown initiated...
08:19:38.238 [Thread-241] INFO  com.zaxxer.hikari.HikariDataSource - HikariPool-60 - Shutdown completed.
08:19:38.358 [restartedMain] INFO  c.ram.sociohub.SociohubApplication - Starting SociohubApplication using Java 17.0.6 with PID 11548 (C:\Users\RAM\Documents\sociohub\sociohub-backend\target\classes started by RAM in C:\Users\RAM\Documents\sociohub\sociohub-backend)
08:19:38.358 [restartedMain] INFO  c.ram.sociohub.SociohubApplication - No active profile set, falling back to 1 default profile: "default"
08:19:38.702 [restartedMain] INFO  com.zaxxer.hikari.HikariDataSource - HikariPool-61 - Starting...
08:19:38.713 [restartedMain] INFO  com.zaxxer.hikari.pool.HikariPool - HikariPool-61 - Added connection com.mysql.cj.jdbc.ConnectionImpl@18fcea4b
08:19:38.713 [restartedMain] INFO  com.zaxxer.hikari.HikariDataSource - HikariPool-61 - Start completed.
08:19:39.024 [restartedMain] INFO  c.ram.sociohub.SociohubApplication - Started SociohubApplication in 0.692 seconds (process running for 7472.725)
08:20:11.452 [Thread-245] INFO  com.zaxxer.hikari.HikariDataSource - HikariPool-61 - Shutdown initiated...
08:20:11.456 [Thread-245] INFO  com.zaxxer.hikari.HikariDataSource - HikariPool-61 - Shutdown completed.
08:20:11.559 [restartedMain] INFO  c.ram.sociohub.SociohubApplication - Starting SociohubApplication using Java 17.0.6 with PID 11548 (C:\Users\RAM\Documents\sociohub\sociohub-backend\target\classes started by RAM in C:\Users\RAM\Documents\sociohub\sociohub-backend)
08:20:11.560 [restartedMain] INFO  c.ram.sociohub.SociohubApplication - No active profile set, falling back to 1 default profile: "default"
08:20:11.898 [restartedMain] INFO  com.zaxxer.hikari.HikariDataSource - HikariPool-62 - Starting...
08:20:11.909 [restartedMain] INFO  com.zaxxer.hikari.pool.HikariPool - HikariPool-62 - Added connection com.mysql.cj.jdbc.ConnectionImpl@51234555
08:20:11.909 [restartedMain] INFO  com.zaxxer.hikari.HikariDataSource - HikariPool-62 - Start completed.
08:20:12.237 [restartedMain] INFO  c.ram.sociohub.SociohubApplication - Started SociohubApplication in 0.703 seconds (process running for 7505.938)
08:20:18.808 [Thread-249] INFO  com.zaxxer.hikari.HikariDataSource - HikariPool-62 - Shutdown initiated...
08:20:18.813 [Thread-249] INFO  com.zaxxer.hikari.HikariDataSource - HikariPool-62 - Shutdown completed.
08:20:18.929 [restartedMain] INFO  c.ram.sociohub.SociohubApplication - Starting SociohubApplication using Java 17.0.6 with PID 11548 (C:\Users\RAM\Documents\sociohub\sociohub-backend\target\classes started by RAM in C:\Users\RAM\Documents\sociohub\sociohub-backend)
08:20:18.929 [restartedMain] INFO  c.ram.sociohub.SociohubApplication - No active profile set, falling back to 1 default profile: "default"
08:20:19.285 [restartedMain] INFO  com.zaxxer.hikari.HikariDataSource - HikariPool-63 - Starting...
08:20:19.295 [restartedMain] INFO  com.zaxxer.hikari.pool.HikariPool - HikariPool-63 - Added connection com.mysql.cj.jdbc.ConnectionImpl@435f7aa6
08:20:19.296 [restartedMain] INFO  com.zaxxer.hikari.HikariDataSource - HikariPool-63 - Start completed.
08:20:19.628 [restartedMain] INFO  c.ram.sociohub.SociohubApplication - Started SociohubApplication in 0.73 seconds (process running for 7513.329)
09:23:14.350 [RMI TCP Connection(196)-127.0.0.1] INFO  com.zaxxer.hikari.HikariDataSource - HikariPool-63 - Shutdown initiated...
09:23:14.373 [RMI TCP Connection(196)-127.0.0.1] INFO  com.zaxxer.hikari.HikariDataSource - HikariPool-63 - Shutdown completed.
09:39:31.614 [restartedMain] INFO  c.ram.sociohub.SociohubApplication - Starting SociohubApplication using Java 17.0.6 with PID 16476 (C:\Users\RAM\Documents\sociohub\sociohub-backend\target\classes started by RAM in C:\Users\RAM\Documents\sociohub\sociohub-backend)
09:39:31.618 [restartedMain] INFO  c.ram.sociohub.SociohubApplication - No active profile set, falling back to 1 default profile: "default"
09:39:36.832 [restartedMain] INFO  com.zaxxer.hikari.HikariDataSource - HikariPool-1 - Starting...
09:39:37.544 [restartedMain] INFO  com.zaxxer.hikari.pool.HikariPool - HikariPool-1 - Added connection com.mysql.cj.jdbc.ConnectionImpl@65cdcf24
09:39:37.549 [restartedMain] INFO  com.zaxxer.hikari.HikariDataSource - HikariPool-1 - Start completed.
09:39:44.314 [restartedMain] INFO  c.ram.sociohub.SociohubApplication - Started SociohubApplication in 13.571 seconds (process running for 24.381)
09:39:49.449 [http-nio-8080-exec-1] INFO  c.ram.sociohub.service.UserService - addUser method() starts 
09:39:49.450 [http-nio-8080-exec-1] INFO  c.ram.sociohub.service.UserService - Adding User: User(id=null, username=Chandru, email=Chandru@gmail.com, phno=8574859685, password=12344)
09:39:49.603 [http-nio-8080-exec-1] INFO  c.ram.sociohub.service.UserService - User Added Successfull
09:40:13.931 [http-nio-8080-exec-3] INFO  c.ram.sociohub.service.UserService - getAllUsers method() starts 
09:40:14.088 [http-nio-8080-exec-3] INFO  c.ram.sociohub.service.UserService - Total no of Users : 4
09:40:14.088 [http-nio-8080-exec-3] INFO  c.ram.sociohub.service.UserService - getAllusers() ends
09:40:30.672 [http-nio-8080-exec-4] INFO  c.ram.sociohub.service.UserService - getUserById method() starts 
09:40:30.699 [http-nio-8080-exec-4] INFO  c.ram.sociohub.service.UserService - The userId 2 has been retrieved
09:40:30.699 [http-nio-8080-exec-4] INFO  c.ram.sociohub.service.UserService - getUserById() ends
09:41:25.593 [http-nio-8080-exec-5] INFO  c.ram.sociohub.service.UserService - getAllProfile method() starts 
09:41:25.630 [http-nio-8080-exec-5] INFO  c.ram.sociohub.service.UserService - The Profiles has been retrieved from the database
09:41:25.631 [http-nio-8080-exec-5] INFO  c.ram.sociohub.service.UserService - getAllProfile method() ends 
09:41:52.531 [http-nio-8080-exec-6] INFO  c.ram.sociohub.service.UserService - uploadPost method() starts 
09:41:52.532 [http-nio-8080-exec-6] INFO  c.ram.sociohub.service.UserService - The Post has been uploaded to the database
09:41:52.532 [http-nio-8080-exec-6] INFO  c.ram.sociohub.service.UserService - uploadPost method() ends 
09:43:26.795 [Thread-5] INFO  com.zaxxer.hikari.HikariDataSource - HikariPool-1 - Shutdown initiated...
09:43:26.815 [Thread-5] INFO  com.zaxxer.hikari.HikariDataSource - HikariPool-1 - Shutdown completed.
09:43:26.966 [restartedMain] INFO  c.ram.sociohub.SociohubApplication - Starting SociohubApplication using Java 17.0.6 with PID 16476 (C:\Users\RAM\Documents\sociohub\sociohub-backend\target\classes started by RAM in C:\Users\RAM\Documents\sociohub\sociohub-backend)
09:43:26.966 [restartedMain] INFO  c.ram.sociohub.SociohubApplication - No active profile set, falling back to 1 default profile: "default"
09:43:27.808 [restartedMain] INFO  com.zaxxer.hikari.HikariDataSource - HikariPool-2 - Starting...
09:43:27.843 [restartedMain] INFO  com.zaxxer.hikari.pool.HikariPool - HikariPool-2 - Added connection com.mysql.cj.jdbc.ConnectionImpl@631e5622
09:43:27.845 [restartedMain] INFO  com.zaxxer.hikari.HikariDataSource - HikariPool-2 - Start completed.
09:43:28.661 [restartedMain] INFO  c.ram.sociohub.SociohubApplication - Started SociohubApplication in 1.752 seconds (process running for 248.729)
09:46:01.730 [http-nio-8080-exec-2] INFO  c.ram.sociohub.service.UserService - getUserById method() starts 
09:46:01.742 [http-nio-8080-exec-2] INFO  c.ram.sociohub.service.UserService - The userId 2 has been retrieved
09:46:01.743 [http-nio-8080-exec-2] INFO  c.ram.sociohub.service.UserService - getUserById() ends
09:46:07.861 [http-nio-8080-exec-3] INFO  c.ram.sociohub.service.UserService - getUserById method() starts 
09:46:07.876 [http-nio-8080-exec-3] ERROR c.ram.sociohub.service.UserService - Error in getuserbyid
09:55:07.691 [Thread-7] INFO  com.zaxxer.hikari.HikariDataSource - HikariPool-2 - Shutdown initiated...
09:55:07.702 [Thread-7] INFO  com.zaxxer.hikari.HikariDataSource - HikariPool-2 - Shutdown completed.
09:55:07.838 [restartedMain] INFO  c.ram.sociohub.SociohubApplication - Starting SociohubApplication using Java 17.0.6 with PID 16476 (C:\Users\RAM\Documents\sociohub\sociohub-backend\target\classes started by RAM in C:\Users\RAM\Documents\sociohub\sociohub-backend)
09:55:07.839 [restartedMain] INFO  c.ram.sociohub.SociohubApplication - No active profile set, falling back to 1 default profile: "default"
09:55:08.429 [restartedMain] INFO  com.zaxxer.hikari.HikariDataSource - HikariPool-3 - Starting...
09:55:08.453 [restartedMain] INFO  com.zaxxer.hikari.pool.HikariPool - HikariPool-3 - Added connection com.mysql.cj.jdbc.ConnectionImpl@7c57fd74
09:55:08.454 [restartedMain] INFO  com.zaxxer.hikari.HikariDataSource - HikariPool-3 - Start completed.
09:55:09.099 [restartedMain] INFO  c.ram.sociohub.SociohubApplication - Started SociohubApplication in 1.312 seconds (process running for 949.167)
23:58:55.494 [HikariPool-3 housekeeper] WARN  com.zaxxer.hikari.pool.HikariPool - HikariPool-3 - Thread starvation or clock leap detected (housekeeper delta=4h18m37s932ms252s400ns).
00:15:22.670 [HikariPool-3 housekeeper] WARN  com.zaxxer.hikari.pool.HikariPool - HikariPool-3 - Thread starvation or clock leap detected (housekeeper delta=1m56s913ms499s100ns).
